=============
*START=>2016-02-19 00:34:55
*SERVER=>REQUEST_TIME=2016-02-19 00:34:55&SCRIPT_FILENAME=/www/francotr3287_godo_co_kr/shop/admin/goods/makeMainAutoSort.php&REMOTE_ADDR=180.67.12.74
*SESSION=>adminid=franco&adminLevel=100
*DATA=>sort_type=&select_date=
*END=>2016-02-19 00:34:55
=============
*START=>2016-02-19 00:34:55
*SERVER=>REQUEST_TIME=2016-02-19 00:34:55&SCRIPT_FILENAME=/www/francotr3287_godo_co_kr/shop/admin/goods/makeMainAutoSort.php&REMOTE_ADDR=180.67.12.74
*SESSION=>adminid=franco&adminLevel=100
*DATA=>sort_type=&select_date=
*END=>2016-02-19 00:34:55
=============
*START=>2016-02-19 00:34:55
*SERVER=>REQUEST_TIME=2016-02-19 00:34:55&SCRIPT_FILENAME=/www/francotr3287_godo_co_kr/shop/admin/goods/makeMainAutoSort.php&REMOTE_ADDR=180.67.12.74
*SESSION=>adminid=franco&adminLevel=100
*DATA=>sort_type=&select_date=
*END=>2016-02-19 00:34:55
=============
*START=>2016-02-19 00:34:55
*SERVER=>REQUEST_TIME=2016-02-19 00:34:55&SCRIPT_FILENAME=/www/francotr3287_godo_co_kr/shop/admin/goods/makeMainAutoSort.php&REMOTE_ADDR=180.67.12.74
*SESSION=>adminid=franco&adminLevel=100
*DATA=>sort_type=&select_date=
*END=>2016-02-19 00:34:55
=============
*START=>2016-02-19 00:34:55
*SERVER=>REQUEST_TIME=2016-02-19 00:34:55&SCRIPT_FILENAME=/www/francotr3287_godo_co_kr/shop/admin/goods/makeMainAutoSort.php&REMOTE_ADDR=180.67.12.74
*SESSION=>adminid=franco&adminLevel=100
*DATA=>sort_type=&select_date=
*END=>2016-02-19 00:34:55
