START----------------------------------------------------------------------
[로그정보]
처리페이지 : /shop/_godoConn/link.pgCellAutoSetting.php
정보 : [2016-05-04 12:28:23]	IP	: 211.233.50.18

[중앙서버 Request데이터]
setting = {\"basic_sno\":\"299153\",\"pg_name\":\"danal\",\"one-stopYn\":\"N\",\"pg_id\":\"SGD0004644\",\"pg_step\":\"B40\",\"pg_keycodeA\":\"9010S23312\",\"pg_keycodeB\":\"1FLOF1im\",\"pg_keycodeC\":\"22S0rQ0001\",\"pg_cardYn\":\"N\",\"pg_transYn\":\"N\",\"pg_virtualYn\":\"N\",\"pg_phoneYn\":\"Y\",\"mobile_id\":\"SGD0004644\",\"mobile_step\":\"B40\",\"mobile_keycodeA\":null,\"mobile_keycodeB\":null,\"mobile_keycodeC\":null,\"mobile_cardYn\":\"N\",\"mobile_transYn\":\"N\",\"mobile_virtualYn\":\"N\",\"mobile_phoneYn\":\"Y\",\"escro_id\":\"\",\"escro_step\":\"\",\"escro_keycodeA\":\"\",\"escro_keycodeB\":\"\",\"escro_keycodeC\":\"\",\"escro_cardYn\":\"N\",\"escro_transYn\":\"N\",\"escro_virtualYn\":\"N\",\"escro_phoneYn\":\"N\"}
other = []

[gd_env DB 백업]
danalCfg = [];

[conf파일 백업]
config.php = <? 
$cfg = array( 
'settlePg' => 'lgdacom', 
'shopName' => '프랑코스미스', 
'shopEng' => 'Francosmith', 
'adminEmail' => 'francosmith@naver.com', 
'shopUrl' => 'www.francosmith.com', 
'compName' => 'Francosmith(프랑코스미스)', 
'service' => '도소매', 
'item' => '공구, 엔진류, 접착제 외', 
'zipcode' => '410560', 
'address' => '경기도 고양시 일산동구 문봉동 111-7 가동', 
'compSerial' => '128-39-60117', 
'orderSerial' => '제2014-고양일산서-0161호', 
'ceoName' => '김성환', 
'adminName' => '김성환', 
'compPhone' => '1599-7835', 
'compFax' => '031-624-5375', 
'title' => 'Tools and Woodworking - Francosmith.com', 
'keywords' => '빅막, vicmarc, 빅마크, 선반, 본드,고릴라본드,목공구, 목공, GRR-Ripper, DMT, CMT,라우터,루터,비트,다이아몬드숫돌,Microjig,다보톱,톱,플러그쏘,사라기리,사포,마감제,도마오일,가구,용제,끌,페일,나렉스,narex,pfeil,양날톱,목공용품', 
'sessTime' => '', 
'stepStock' => '1', 
'tplSkin' => 'campingyo', 
'shopAlign' => 'center', 
'shopOuterSize' => '890', 
'shopSideSize' => '190', 
'shopLineColorL' => '', 
'shopLineColorC' => '', 
'shopLineColorR' => '', 
'mode' => 'imgSize', 
'img_l' => '500', 
'img_m' => '300', 
'img_s' => '160', 
'img_i' => '100', 
'rootDir' => '/shop', 
'subCategory' => '1', 
'mailyn_0' => 'y', 
'mailyn_1' => 'y', 
'mailyn_3' => 'y', 
'smsRecall' => '15997835', 
'smsAdmin' => '--', 
'introUseYN' => 'N', 
'mailyn_10' => 'n', 
'mailyn_11' => 'n', 
'mailyn_12' => 'n', 
'mailyn_20' => 'n', 
'mailyn_30' => 'y', 
'reviewWriteAuth' => 'free', 
'qnaWriteAuth' => 'free', 
'overture_code' => '12345', 
'om_id' => '', 
'om_pwd' => '', 
'copyProtect' => '', 
'newaddressYN' => 'y', 
'tplSkinToday' => 'today', 
'road_address' => '경기도 고양시 일산동구  견달산로 370 가동', 
'counterYN' => '1', 
'preventContentsCopy' => '0', 
'autoCancel' => '3', 
'autoCancelUnit' => 'd', 
'autoCancelFail' => '', 
'orderPeriod' => '5', 
'orderPageNum' => '15', 
'autoCancelRecoverStock' => 'y', 
'autoCancelRecoverReserve' => 'y', 
'autoCancelRecoverCoupon' => 'n', 
'shopMainGoodsConf' => 'T', 
'img_c' => '70', 
'img_mobile' => '74', 
'tplSkinWork' => 'freemart', 
'tplSkinTodayWork' => 'today', 
'tplSkinMobileWork' => 'light', 
'tplSkinMobile' => 'default', 
'smsPass' => '0627', 
'smsAddAdmin' => '--', 
'customerPhone' => '1599-7835', 
'customerFax' => '031-624-5375', 
'customerEmail' => 'francosmith@naver.com', 
'customerHour' => '평   일: 10 ~17시<br />토요일: 10 ~ 13시<br />일/공휴일 휴무', 
'custom_landingpage' => '', 
'private2YN' => '', 
'private3YN' => '', 
'smsAutoSendType' => 'LIMIT', 
'img_w' => '200', 
'img_x' => '200', 
'img_y' => '300', 
'img_z' => '500', 
'displayEgg' => '0', 
'settlePgPopup' => '', 
'RecoverCoupon' => 'y', 
'orderDoubleCheck' => 'y', 
'reOrder' => 'y', 
'qnaAllListSet' => '10', 
'qnaListCnt' => '', 
'qnaAuth_W' => '', 
'qnaAuth_P' => '', 
'qnaSecret' => '', 
'reviewAllListSet' => '10', 
'reviewListCnt' => '', 
'reviewAuth_W' => '', 
'reviewAuth_P' => '', 
'reviewFileNum' => '5', 
'reviewLimitPixel' => '', 
'reviewFileSize' => '300', 
'qnaSpamComment' => '0', 
'qnaSpamBoard' => '0', 
'reviewSpamComment' => '0', 
'reviewSpamBoard' => '0', 
'mailSendDate_0' => '15', 
) 
;?>
config.pay.php = <? 
$set['use']['c'] = 'on'; 
$set['use']['o'] = 'on'; 
$set['use']['a'] = 'on'; 
$set['emoney']['useyn'] = 'y'; 
$set['emoney']['limit'] = '0'; 
$set['emoney']['chk_goods_emoney'] = '0'; 
$set['emoney']['goods_emoney'] = '1'; 
$set['emoney']['emoney_standard'] = '1'; 
$set['emoney']['totallimit'] = '30000'; 
$set['emoney']['hold'] = '3000'; 
$set['emoney']['min'] = '0'; 
$set['emoney']['max'] = '100%'; 
$set['emoney']['emoney_use_range'] = '0'; 
$set['emoney']['emoney_delivery'] = '0'; 
$set['emoney']['useduplicate'] = '0'; 
$set['emoney']['cut'] = '1'; 
$set['delivery']['default'] = '2500'; 
$set['delivery']['default_msg'] = ''; 
$set['delivery']['free'] = '100000'; 
$set['delivery']['basis'] = '0'; 
$set['delivery']['deliveryType'] = '선불'; 
$set['delivery']['freeDelivery'] = '0'; 
$set['delivery']['goodsDelivery'] = '0'; 
$set['delivery']['deliverynm'] = '기본배송'; 
$set['delivery']['deliveryOrder'] = '0'; 
$set['delivery']['area_deli_type'] = '0'; 
$set['delivery']['overAdd'] = '3000|3000'; 
$set['delivery']['overAddZip'] = ''; 
$set['delivery']['overZipcode'] = '697,699,690,695|799'; 
$set['delivery']['areaZip1'] = ''; 
$set['delivery']['areaZip2'] = ''; 
$set['delivery']['add_extra_fee_free'] = '1'; 
$set['delivery']['add_extra_fee_basic'] = '1'; 
$set['delivery']['add_extra_fee_memberGroup'] = '1'; 
$set['delivery']['add_extra_fee_duplicate_each'] = '1'; 
$set['delivery']['add_extra_fee_duplicate_free'] = '1'; 
$set['delivery']['add_extra_fee_duplicate_fixEach'] = '1'; 
$set['delivery']['defaultDelivery'] = '100'; 
$set['tax']['useyn'] = 'y'; 
$set['tax']['use_a'] = 'on'; 
$set['tax']['use_o'] = 'on'; 
$set['tax']['use_v'] = 'on'; 
$set['tax']['step'] = '4'; 
$set['tax']['tax_delivery'] = 'n'; 
$set['tax']['seal'] = 'seal.jpg'; 
$set['0']['r_free'] = ''; 
$set['0']['r_deliType'] = '선불'; 
$set['0']['r_default'] = '3000'; 
$set['0']['r_default_msg'] = ''; 
$set['use_ck']['c'] = 'on'; 
$set['use_ck']['o'] = 'on'; 
$set['use_ck']['v'] = 'on'; 
$set['use_ck']['h'] = ''; 
$set['use_ck']['y'] = ''; 
$set['use_mobile_ck']['c'] = 'on'; 
$set['use_mobile_ck']['o'] = 'on'; 
$set['use_mobile_ck']['v'] = 'on'; 
$set['use_mobile_ck']['h'] = ''; 
$set['use_mobile']['c'] = 'on'; 
$set['use_mobile']['v'] = 'on'; 
$set['use_mobile']['h'] = 'on'; 
$set['receipt']['publisher'] = 'buyer'; 
$set['receipt']['period'] = '30'; 
$set['receipt']['compType'] = '0'; 
$set['일반택배']['r_free'] = '100000'; 
$set['일반택배']['r_deliType'] = '후불'; 
$set['일반택배']['r_default'] = ''; 
$set['일반택배']['r_default_msg'] = '착불택배'; 
$set['착불택배']['r_free'] = '100000'; 
$set['착불택배']['r_deliType'] = '후불'; 
$set['착불택배']['r_default'] = ''; 
$set['착불택배']['r_default_msg'] = '착불'; 
$set['퀵서비스']['r_free'] = ''; 
$set['퀵서비스']['r_deliType'] = '후불'; 
$set['퀵서비스']['r_default'] = ''; 
$set['퀵서비스']['r_default_msg'] = '착불'; 
$set['r_delivery']['title'] = '착불택배|퀵서비스|업체직배송'; 
$set['업체직배송']['r_free'] = '100000'; 
$set['업체직배송']['r_deliType'] = '선불'; 
$set['업체직배송']['r_default'] = '2500'; 
$set['업체직배송']['r_default_msg'] = ''; 
?>
pg_cell.danal.cfg.php = 

[처리결과]
basic_sno = 299153
error_code = 
result = 0000
error_msg = PG세팅이 완료 되었습니다.

END----------------------------------------------------------------------

