
===== SMS ACCESS SHUTDOWN LOG START =====
SCRIPT_START_TIME = 2016-07-14 13:11:37
SCRIPT_END_TIME = 2016-07-14 13:11:37
ID = franco
IP = 221.165.230.22
SMS_MESSAGE = 알루미늄 톱날 6인치x60날 29,700원. 우리 1005-602-458044 김성환. 대신화물,착불 발송.
SMS_SEND_TYPE = SMS
SMS_TYPE = 1
MEMORY_ERROR = MEMORY 정상
CONNECT_ERROR = CONNECTION_OK [Connection 정상]
===== SMS ACCESS SHUTDOWN LOG END =====


===== SMS ACCESS SHUTDOWN LOG START =====
SCRIPT_START_TIME = 2016-07-14 13:11:48
SCRIPT_END_TIME = 2016-07-14 13:11:48
ID = franco
IP = 221.165.230.22
SMS_MESSAGE = 알루미늄 톱날 6인치x60날 29,700원. 우리 1005-602-458044 김성환. 대신화물,착불 발송.
SMS_SEND_TYPE = SMS
SMS_TYPE = 1
MEMORY_ERROR = MEMORY 정상
CONNECT_ERROR = CONNECTION_OK [Connection 정상]
===== SMS ACCESS SHUTDOWN LOG END =====

