

===== LOG START =====
[EXE TYPE]휴면 회원 전환 전 SMS 발송
[START TIME]2016-05-01 13:18:37
[IP]221.165.230.22
[ID]franco
[3STEP] STEP1. SMS SEND OK!
[3STEP] STEP2. UPDATE MEMBER SEND SMS DATE OK!
[3STEP] STEP3. UPDATE CONFIG FILE OK[SMS]!
[RESULT] OK
[SHUTDOWN] 자동 SMS 발송 : CONNECTION_OK [Connection 정상]

===== LOG END =====


===== LOG START =====
[EXE TYPE]휴면 회원 자동전환
[START TIME]2016-05-01 13:18:38
[IP]221.165.230.22
[ID]franco
[4STEP] STEP1. DB PATCH CHECK OK!
[4STEP] STEP2. DB FIELD SYNC OK!
[4STEP] STEP3. DORMANT MEMBER CHECK[EXISTS] OK!
[4STEP] STEP3-1. MOVE TO MEMBER TABLE OK!
[4STEP] STEP3-2. UPDATE VOID MEMBER TABLE OK!
[4STEP] STEP4. CREATE CONFIG FILE OK!
[RESULT] OK
[SHUTDOWN] 자동 전환 : CONNECTION_OK [Connection 정상]

===== LOG END =====
