INFO	[2016-07-09 12:01:09]	START lguplus PG DATA log
INFO	[2016-07-09 12:01:09]	Connect IP	: 110.70.15.134
INFO	[2016-07-09 12:01:09]	Referer URL : http://xpay.lgdacom.net/xpay/SC0010Pay.do
INFO	[2016-07-09 12:01:09]	Request URL	: /shop/order/card/lgdacom/mobile/card_return.php
INFO	[2016-07-09 12:01:09]	User Agent	: Mozilla/5.0 (iPhone; CPU iPhone OS 9_3_2 like Mac OS X) AppleWebKit/601.1.46 (KHTML, like Gecko) Version/9.0 Mobile/13F69 Safari/601.1
DEBUG	[2016-07-09 12:01:09]	LGD_MID : go_francosmith
DEBUG	[2016-07-09 12:01:09]	LGD_DELIVERYINFO : 
DEBUG	[2016-07-09 12:01:09]	LGD_BUYER : 온유민
DEBUG	[2016-07-09 12:01:09]	LGD_AFFILIATECODE : 226622
DEBUG	[2016-07-09 12:01:09]	LGD_BUYERID : 
DEBUG	[2016-07-09 12:01:09]	LGD_OID : 1468033163737
DEBUG	[2016-07-09 12:01:09]	LGD_RECEIVERPHONE : 
DEBUG	[2016-07-09 12:01:09]	LGD_DEVICE : iPhone
DEBUG	[2016-07-09 12:01:09]	LGD_CLOSEDATE : 
DEBUG	[2016-07-09 12:01:09]	LGD_TIMESTAMP : 20160709120109
DEBUG	[2016-07-09 12:01:09]	LGD_CARDPREFIX : 
DEBUG	[2016-07-09 12:01:09]	LGD_BUYERPHONE : 
DEBUG	[2016-07-09 12:01:09]	LGD_ESCROWYN : N
DEBUG	[2016-07-09 12:01:09]	LGD_RETURNURL : http://francosmith.com/shop/order/card/lgdacom/mobile/card_return.php
DEBUG	[2016-07-09 12:01:09]	LGD_PAYTYPE : SC0010
DEBUG	[2016-07-09 12:01:09]	LGD_PAYKEY : 20160709120109511137E93BF0CE42DE6636C98850B9D5B8F8D42C
DEBUG	[2016-07-09 12:01:09]	LGD_AMOUNT : 11300
DEBUG	[2016-07-09 12:01:09]	LGD_BUYERSSN : 
DEBUG	[2016-07-09 12:01:09]	LGD_RESPMSG : 인증성공
DEBUG	[2016-07-09 12:01:09]	LGD_PRODUCTINFO : [Gorilla Glue]고릴라 에폭시
DEBUG	[2016-07-09 12:01:09]	LGD_PRODUCTCODE : 
DEBUG	[2016-07-09 12:01:09]	LGD_HASHDATA : 0d06ecff851cfbb8ad3f453266474741
DEBUG	[2016-07-09 12:01:09]	LGD_BUYERADDRESS : 
DEBUG	[2016-07-09 12:01:09]	LGD_BUYERIP : 110.70.15.134
DEBUG	[2016-07-09 12:01:09]	LGD_RECEIVER : 
DEBUG	[2016-07-09 12:01:09]	LGD_RESPCODE : 0000
DEBUG	[2016-07-09 12:01:09]	LGD_BUYEREMAIL : cuisinieron@gmail.com
DEBUG	[2016-07-09 12:01:09]	LGD_AUTHTYPE : ISP
INFO	[2016-07-09 12:01:09]	END lguplus PG DATA log
------------------------------------------------------------------------------

