INFO	[2016-01-21 11:50:07]	START lguplus PG DATA log
INFO	[2016-01-21 11:50:07]	Connect IP	: 223.33.153.1
INFO	[2016-01-21 11:50:07]	Referer URL : http://xpay.lgdacom.net/xpay/SC0010Pay.do
INFO	[2016-01-21 11:50:07]	Request URL	: /shop/order/card/lgdacom/mobile/card_return.php
INFO	[2016-01-21 11:50:07]	User Agent	: Mozilla/5.0 (Linux; Android 4.4.2; LG-F400S Build/KVT49L.F400S11a) AppleWebKit/537.36 (KHTML, like Gecko) Version/4.0 Chrome/30.0.0.0 Mobile Safari/537.36 NAVER(inapp; search; 410; 6.7.1)
DEBUG	[2016-01-21 11:50:07]	LGD_MID : go_francosmith
DEBUG	[2016-01-21 11:50:07]	LGD_DELIVERYINFO : 
DEBUG	[2016-01-21 11:50:07]	LGD_BUYER : 오철호
DEBUG	[2016-01-21 11:50:07]	LGD_AFFILIATECODE : 009040
DEBUG	[2016-01-21 11:50:07]	LGD_BUYERID : 
DEBUG	[2016-01-21 11:50:07]	LGD_OID : 1453344286368
DEBUG	[2016-01-21 11:50:07]	LGD_RECEIVERPHONE : 
DEBUG	[2016-01-21 11:50:07]	LGD_DEVICE : LG-F400S
DEBUG	[2016-01-21 11:50:07]	LGD_CLOSEDATE : 
DEBUG	[2016-01-21 11:50:07]	LGD_TIMESTAMP : 20160121115007
DEBUG	[2016-01-21 11:50:07]	LGD_CARDPREFIX : 
DEBUG	[2016-01-21 11:50:07]	LGD_BUYERPHONE : 
DEBUG	[2016-01-21 11:50:07]	LGD_ESCROWYN : N
DEBUG	[2016-01-21 11:50:07]	LGD_RETURNURL : http://francosmith.com/shop/order/card/lgdacom/mobile/card_return.php
DEBUG	[2016-01-21 11:50:07]	LGD_PAYTYPE : SC0010
DEBUG	[2016-01-21 11:50:07]	LGD_PAYKEY : 201601211150074BD7181547A1C4EBE57057FE643A1428BF069AC4
DEBUG	[2016-01-21 11:50:07]	LGD_AMOUNT : 72500
DEBUG	[2016-01-21 11:50:07]	LGD_BUYERSSN : 
DEBUG	[2016-01-21 11:50:07]	LGD_RESPMSG : 인증성공
DEBUG	[2016-01-21 11:50:07]	LGD_PRODUCTINFO : [Narex] 나렉스 8105 끌 세트 6pcs (61012162026mm)/끌집 별매
DEBUG	[2016-01-21 11:50:07]	LGD_PRODUCTCODE : 
DEBUG	[2016-01-21 11:50:07]	LGD_HASHDATA : a3fc96c1628aad85e21f1fe348dd088e
DEBUG	[2016-01-21 11:50:07]	LGD_BUYERADDRESS : 
DEBUG	[2016-01-21 11:50:07]	LGD_BUYERIP : 121.145.30.207
DEBUG	[2016-01-21 11:50:07]	LGD_RECEIVER : 
DEBUG	[2016-01-21 11:50:07]	LGD_RESPCODE : 0000
DEBUG	[2016-01-21 11:50:07]	LGD_BUYEREMAIL : daewoo575@naver.com
DEBUG	[2016-01-21 11:50:07]	LGD_AUTHTYPE : ISP
INFO	[2016-01-21 11:50:07]	END lguplus PG DATA log
------------------------------------------------------------------------------

