INFO	[2016-05-11 07:49:41]	START lguplus PG DATA log
INFO	[2016-05-11 07:49:41]	Connect IP	: 180.228.216.26
INFO	[2016-05-11 07:49:41]	Referer URL : http://xpay.lgdacom.net/xpay/SC0010Confirm.do?org.apache.struts.taglib.html.CANCEL=
INFO	[2016-05-11 07:49:41]	Request URL	: /shop/order/card/lgdacom/mobile/card_return.php
INFO	[2016-05-11 07:49:41]	User Agent	: Mozilla/5.0 (Linux; Android 5.0; SM-N900L Build/LRX21V; wv) AppleWebKit/537.36 (KHTML, like Gecko) Version/4.0 Chrome/50.0.2661.86 Mobile Safari/537.36 NAVER(inapp; search; 440; 7.1.3)
DEBUG	[2016-05-11 07:49:41]	LGD_HASHDATA : 47cdbf22e1f0a539f33258209d30c030
DEBUG	[2016-05-11 07:49:41]	LGD_MID : go_francosmith
DEBUG	[2016-05-11 07:49:41]	LGD_AMOUNT : 72500
DEBUG	[2016-05-11 07:49:41]	LGD_RESPCODE : S053
DEBUG	[2016-05-11 07:49:41]	LGD_TIMESTAMP : 20160511074941
DEBUG	[2016-05-11 07:49:41]	LGD_RESPMSG : 사용자가 결제를 취소하였습니다
DEBUG	[2016-05-11 07:49:41]	LGD_OID : 1462919971492
DEBUG	[2016-05-11 07:49:41]	LGD_RETURNURL : http://francosmith.com/shop/order/card/lgdacom/mobile/card_return.php
INFO	[2016-05-11 07:49:41]	END lguplus PG DATA log
------------------------------------------------------------------------------

INFO	[2016-05-11 11:37:30]	START lguplus PG DATA log
INFO	[2016-05-11 11:37:30]	Connect IP	: 223.62.178.121
INFO	[2016-05-11 11:37:30]	Referer URL : http://xpay.lgdacom.net/xpay/SC0010Pay.do
INFO	[2016-05-11 11:37:30]	Request URL	: /shop/order/card/lgdacom/mobile/card_return.php
INFO	[2016-05-11 11:37:30]	User Agent	: Mozilla/5.0 (Linux; Android 6.0.1; SM-G900S Build/MMB29M; wv) AppleWebKit/537.36 (KHTML, like Gecko) Version/4.0 Chrome/50.0.2661.86 Mobile Safari/537.36 NAVER(inapp; search; 440; 7.1.3)
DEBUG	[2016-05-11 11:37:30]	LGD_MID : go_francosmith
DEBUG	[2016-05-11 11:37:30]	LGD_DELIVERYINFO : 
DEBUG	[2016-05-11 11:37:30]	LGD_BUYER : 장귀웅
DEBUG	[2016-05-11 11:37:30]	LGD_AFFILIATECODE : 
DEBUG	[2016-05-11 11:37:30]	LGD_BUYERID : 
DEBUG	[2016-05-11 11:37:30]	LGD_OID : 1462934045637
DEBUG	[2016-05-11 11:37:30]	LGD_RECEIVERPHONE : 
DEBUG	[2016-05-11 11:37:30]	LGD_DEVICE : SM-G900S
DEBUG	[2016-05-11 11:37:30]	LGD_CLOSEDATE : 
DEBUG	[2016-05-11 11:37:30]	LGD_TIMESTAMP : 20160511113730
DEBUG	[2016-05-11 11:37:30]	LGD_CARDPREFIX : 546252
DEBUG	[2016-05-11 11:37:30]	LGD_BUYERPHONE : 
DEBUG	[2016-05-11 11:37:30]	LGD_ESCROWYN : N
DEBUG	[2016-05-11 11:37:30]	LGD_RETURNURL : http://francosmith.com/shop/order/card/lgdacom/mobile/card_return.php
DEBUG	[2016-05-11 11:37:30]	LGD_PAYTYPE : SC0010
DEBUG	[2016-05-11 11:37:30]	LGD_PAYKEY : 20160511113730D6E993FAC3BF33B37930F5AE6782EA62696C0E67
DEBUG	[2016-05-11 11:37:30]	LGD_AMOUNT : 35200
DEBUG	[2016-05-11 11:37:30]	LGD_BUYERSSN : 
DEBUG	[2016-05-11 11:37:30]	LGD_RESPMSG : 인증성공
DEBUG	[2016-05-11 11:37:30]	LGD_PRODUCTINFO : [CMT]도브테일 비트/Dovetail Bit/6mm샹크
DEBUG	[2016-05-11 11:37:30]	LGD_PRODUCTCODE : 
DEBUG	[2016-05-11 11:37:30]	LGD_HASHDATA : 8ce0d9a75a665654e21bd324212f5e19
DEBUG	[2016-05-11 11:37:30]	LGD_BUYERADDRESS : 
DEBUG	[2016-05-11 11:37:30]	LGD_BUYERIP : 223.62.178.121
DEBUG	[2016-05-11 11:37:30]	LGD_RECEIVER : 
DEBUG	[2016-05-11 11:37:30]	LGD_RESPCODE : 0000
DEBUG	[2016-05-11 11:37:30]	LGD_BUYEREMAIL : jgw5007@nate.com
DEBUG	[2016-05-11 11:37:30]	LGD_AUTHTYPE : VBV
INFO	[2016-05-11 11:37:30]	END lguplus PG DATA log
------------------------------------------------------------------------------

