INFO	[2016-07-03 23:47:32]	START lguplus PG DATA log
INFO	[2016-07-03 23:47:32]	Connect IP	: 211.36.154.146
INFO	[2016-07-03 23:47:32]	Referer URL : http://xpay.lgdacom.net/xpay/SC0010Pay.do
INFO	[2016-07-03 23:47:32]	Request URL	: /shop/order/card/lgdacom/mobile/card_return.php
INFO	[2016-07-03 23:47:32]	User Agent	: Mozilla/5.0 (Linux; Android 5.1.1; SAMSUNG SM-N916L Build/LMY47X) AppleWebKit/537.36 (KHTML, like Gecko) SamsungBrowser/2.1 Chrome/34.0.1847.76 Mobile Safari/537.36
DEBUG	[2016-07-03 23:47:32]	LGD_MID : go_francosmith
DEBUG	[2016-07-03 23:47:32]	LGD_DELIVERYINFO : 
DEBUG	[2016-07-03 23:47:32]	LGD_BUYER : 남정식
DEBUG	[2016-07-03 23:47:32]	LGD_AFFILIATECODE : AID4DE
DEBUG	[2016-07-03 23:47:32]	LGD_BUYERID : 
DEBUG	[2016-07-03 23:47:32]	LGD_OID : 1467557026936
DEBUG	[2016-07-03 23:47:32]	LGD_RECEIVERPHONE : 
DEBUG	[2016-07-03 23:47:32]	LGD_DEVICE : SM-N916L
DEBUG	[2016-07-03 23:47:32]	LGD_CLOSEDATE : 
DEBUG	[2016-07-03 23:47:32]	LGD_TIMESTAMP : 20160703234732
DEBUG	[2016-07-03 23:47:32]	LGD_CARDPREFIX : 356297
DEBUG	[2016-07-03 23:47:32]	LGD_BUYERPHONE : 
DEBUG	[2016-07-03 23:47:32]	LGD_ESCROWYN : N
DEBUG	[2016-07-03 23:47:32]	LGD_RETURNURL : http://www.francosmith.com/shop/order/card/lgdacom/mobile/card_return.php
DEBUG	[2016-07-03 23:47:32]	LGD_PAYTYPE : SC0010
DEBUG	[2016-07-03 23:47:32]	LGD_PAYKEY : 201607032347328CC2217E9432645C677D78D6AB330E320AD376D4
DEBUG	[2016-07-03 23:47:32]	LGD_AMOUNT : 14500
DEBUG	[2016-07-03 23:47:32]	LGD_BUYERSSN : 
DEBUG	[2016-07-03 23:47:32]	LGD_RESPMSG : 인증성공
DEBUG	[2016-07-03 23:47:32]	LGD_PRODUCTINFO : [Gorilla Glue]고릴라 글루(폴리우레탄)
DEBUG	[2016-07-03 23:47:32]	LGD_PRODUCTCODE : 
DEBUG	[2016-07-03 23:47:32]	LGD_HASHDATA : 87ca8cd1eb0c8aba6e8a6631d2d47e2a
DEBUG	[2016-07-03 23:47:32]	LGD_BUYERADDRESS : 
DEBUG	[2016-07-03 23:47:32]	LGD_BUYERIP : 211.36.154.146
DEBUG	[2016-07-03 23:47:32]	LGD_RECEIVER : 
DEBUG	[2016-07-03 23:47:32]	LGD_RESPCODE : 0000
DEBUG	[2016-07-03 23:47:32]	LGD_BUYEREMAIL : hanssr010@naver.com
DEBUG	[2016-07-03 23:47:32]	LGD_AUTHTYPE : XMPI
INFO	[2016-07-03 23:47:32]	END lguplus PG DATA log
------------------------------------------------------------------------------

