INFO	[2016-06-15 22:10:23]	START lguplus PG DATA log
INFO	[2016-06-15 22:10:23]	Connect IP	: 114.200.203.186
INFO	[2016-06-15 22:10:23]	Referer URL : http://xpay.lgdacom.net/xpay/SC0010Pay.do
INFO	[2016-06-15 22:10:23]	Request URL	: /shop/order/card/lgdacom/mobile/card_return.php
INFO	[2016-06-15 22:10:23]	User Agent	: Mozilla/5.0 (iPhone; CPU iPhone OS 9_3_2 like Mac OS X) AppleWebKit/601.1.46 (KHTML, like Gecko) Mobile/13F69 NAVER(inapp; search; 520; 7.2.0)
DEBUG	[2016-06-15 22:10:23]	LGD_MID : go_francosmith
DEBUG	[2016-06-15 22:10:23]	LGD_DELIVERYINFO : 
DEBUG	[2016-06-15 22:10:23]	LGD_BUYER : 이윤희
DEBUG	[2016-06-15 22:10:23]	LGD_AFFILIATECODE : 
DEBUG	[2016-06-15 22:10:23]	LGD_BUYERID : 
DEBUG	[2016-06-15 22:10:23]	LGD_OID : 1465996066735
DEBUG	[2016-06-15 22:10:23]	LGD_RECEIVERPHONE : 
DEBUG	[2016-06-15 22:10:23]	LGD_DEVICE : iPhone
DEBUG	[2016-06-15 22:10:23]	LGD_CLOSEDATE : 
DEBUG	[2016-06-15 22:10:23]	LGD_TIMESTAMP : 20160615221023
DEBUG	[2016-06-15 22:10:23]	LGD_CARDPREFIX : 524223
DEBUG	[2016-06-15 22:10:23]	LGD_BUYERPHONE : 
DEBUG	[2016-06-15 22:10:23]	LGD_ESCROWYN : N
DEBUG	[2016-06-15 22:10:23]	LGD_RETURNURL : http://francosmith.com/shop/order/card/lgdacom/mobile/card_return.php
DEBUG	[2016-06-15 22:10:23]	LGD_PAYTYPE : SC0010
DEBUG	[2016-06-15 22:10:23]	LGD_PAYKEY : 20160615221023BD751EBF0D5668B21F89E76F109EBD89F3E07D31
DEBUG	[2016-06-15 22:10:23]	LGD_AMOUNT : 11500
DEBUG	[2016-06-15 22:10:23]	LGD_BUYERSSN : 
DEBUG	[2016-06-15 22:10:23]	LGD_RESPMSG : 인증성공
DEBUG	[2016-06-15 22:10:23]	LGD_PRODUCTINFO : 스트레치 필름/산업용 랩/투명랩/가구포장
DEBUG	[2016-06-15 22:10:23]	LGD_PRODUCTCODE : 
DEBUG	[2016-06-15 22:10:23]	LGD_HASHDATA : 8490846618e8ecbd867e679e49b2286f
DEBUG	[2016-06-15 22:10:23]	LGD_BUYERADDRESS : 
DEBUG	[2016-06-15 22:10:23]	LGD_BUYERIP : 114.200.203.186
DEBUG	[2016-06-15 22:10:23]	LGD_RECEIVER : 
DEBUG	[2016-06-15 22:10:23]	LGD_RESPCODE : 0000
DEBUG	[2016-06-15 22:10:23]	LGD_BUYEREMAIL : uni_lee83@hotmail.com
DEBUG	[2016-06-15 22:10:23]	LGD_AUTHTYPE : VBV
INFO	[2016-06-15 22:10:23]	END lguplus PG DATA log
------------------------------------------------------------------------------

