INFO	[2016-01-12 22:20:05]	START lguplus PG DATA log
INFO	[2016-01-12 22:20:05]	Connect IP	: 118.39.224.54
INFO	[2016-01-12 22:20:05]	Referer URL : http://xpay.lgdacom.net/xpay/SC0010Pay.do
INFO	[2016-01-12 22:20:05]	Request URL	: /shop/order/card/lgdacom/mobile/card_return.php
INFO	[2016-01-12 22:20:05]	User Agent	: Mozilla/5.0 (Linux; Android 5.0.1; SM-G906L Build/LRX22C; wv) AppleWebKit/537.36 (KHTML, like Gecko) Version/4.0 Chrome/46.0.2490.76 Mobile Safari/537.36 NAVER(inapp; search; 410; 6.7.1)
DEBUG	[2016-01-12 22:20:05]	LGD_MID : go_francosmith
DEBUG	[2016-01-12 22:20:05]	LGD_DELIVERYINFO : 
DEBUG	[2016-01-12 22:20:05]	LGD_BUYER : 추인혜
DEBUG	[2016-01-12 22:20:05]	LGD_AFFILIATECODE : 
DEBUG	[2016-01-12 22:20:05]	LGD_BUYERID : 
DEBUG	[2016-01-12 22:20:05]	LGD_OID : 1452604684475
DEBUG	[2016-01-12 22:20:05]	LGD_RECEIVERPHONE : 
DEBUG	[2016-01-12 22:20:05]	LGD_DEVICE : SM-G906L
DEBUG	[2016-01-12 22:20:05]	LGD_CLOSEDATE : 
DEBUG	[2016-01-12 22:20:05]	LGD_TIMESTAMP : 20160112222006
DEBUG	[2016-01-12 22:20:05]	LGD_CARDPREFIX : 949019
DEBUG	[2016-01-12 22:20:05]	LGD_BUYERPHONE : 
DEBUG	[2016-01-12 22:20:05]	LGD_ESCROWYN : N
DEBUG	[2016-01-12 22:20:05]	LGD_RETURNURL : http://francosmith.com/shop/order/card/lgdacom/mobile/card_return.php
DEBUG	[2016-01-12 22:20:05]	LGD_PAYTYPE : SC0010
DEBUG	[2016-01-12 22:20:05]	LGD_PAYKEY : 2016011222200658C6DC253D4E39F9D5DB2D06F925D46C14B7F958
DEBUG	[2016-01-12 22:20:05]	LGD_AMOUNT : 39500
DEBUG	[2016-01-12 22:20:05]	LGD_BUYERSSN : 
DEBUG	[2016-01-12 22:20:05]	LGD_RESPMSG : 인증성공
DEBUG	[2016-01-12 22:20:05]	LGD_PRODUCTINFO : 스마토 트리머 비트 세트 24pcs/6mm 샹크
DEBUG	[2016-01-12 22:20:05]	LGD_PRODUCTCODE : 
DEBUG	[2016-01-12 22:20:05]	LGD_HASHDATA : 2d230668641983bbd867574c59d225fc
DEBUG	[2016-01-12 22:20:05]	LGD_BUYERADDRESS : 
DEBUG	[2016-01-12 22:20:05]	LGD_BUYERIP : 118.39.224.54
DEBUG	[2016-01-12 22:20:05]	LGD_RECEIVER : 
DEBUG	[2016-01-12 22:20:05]	LGD_RESPCODE : 0000
DEBUG	[2016-01-12 22:20:05]	LGD_BUYEREMAIL : in-hye7942@hanmail.net
DEBUG	[2016-01-12 22:20:05]	LGD_AUTHTYPE : XMPI
INFO	[2016-01-12 22:20:05]	END lguplus PG DATA log
------------------------------------------------------------------------------

