INFO	[2016-07-14 14:41:01]	START lguplus PG DATA log
INFO	[2016-07-14 14:41:01]	Connect IP	: 110.70.58.70
INFO	[2016-07-14 14:41:01]	Referer URL : http://xpay.lgdacom.net/xpay/SC0010Pay.do
INFO	[2016-07-14 14:41:01]	Request URL	: /shop/order/card/lgdacom/mobile/card_return.php
INFO	[2016-07-14 14:41:01]	User Agent	: Mozilla/5.0 (Linux; Android 6.0.1; SM-G935K Build/MMB29K; wv) AppleWebKit/537.36 (KHTML, like Gecko) Version/4.0 Chrome/51.0.2704.81 Mobile Safari/537.36;KAKAOTALK 1400238
DEBUG	[2016-07-14 14:41:01]	LGD_MID : go_francosmith
DEBUG	[2016-07-14 14:41:01]	LGD_DELIVERYINFO : 
DEBUG	[2016-07-14 14:41:01]	LGD_BUYER : 강민기
DEBUG	[2016-07-14 14:41:01]	LGD_AFFILIATECODE : 
DEBUG	[2016-07-14 14:41:01]	LGD_BUYERID : 
DEBUG	[2016-07-14 14:41:01]	LGD_OID : 1468474666194
DEBUG	[2016-07-14 14:41:01]	LGD_RECEIVERPHONE : 
DEBUG	[2016-07-14 14:41:01]	LGD_DEVICE : SM-G935K
DEBUG	[2016-07-14 14:41:01]	LGD_CLOSEDATE : 
DEBUG	[2016-07-14 14:41:01]	LGD_TIMESTAMP : 20160714144102
DEBUG	[2016-07-14 14:41:01]	LGD_CARDPREFIX : 404727
DEBUG	[2016-07-14 14:41:01]	LGD_BUYERPHONE : 
DEBUG	[2016-07-14 14:41:01]	LGD_ESCROWYN : N
DEBUG	[2016-07-14 14:41:01]	LGD_RETURNURL : http://francosmith.com/shop/order/card/lgdacom/mobile/card_return.php
DEBUG	[2016-07-14 14:41:01]	LGD_PAYTYPE : SC0010
DEBUG	[2016-07-14 14:41:01]	LGD_PAYKEY : 2016071414410234F3CD4DE5D71D490BD954794F91345B49A5FFAA
DEBUG	[2016-07-14 14:41:01]	LGD_AMOUNT : 1225382
DEBUG	[2016-07-14 14:41:01]	LGD_BUYERSSN : 
DEBUG	[2016-07-14 14:41:01]	LGD_RESPMSG : 인증성공
DEBUG	[2016-07-14 14:41:01]	LGD_PRODUCTINFO : M2 개인결제
DEBUG	[2016-07-14 14:41:01]	LGD_PRODUCTCODE : 
DEBUG	[2016-07-14 14:41:01]	LGD_HASHDATA : b174d11e6258c18bac6e2e590e449fac
DEBUG	[2016-07-14 14:41:01]	LGD_BUYERADDRESS : 
DEBUG	[2016-07-14 14:41:01]	LGD_BUYERIP : 110.70.58.70
DEBUG	[2016-07-14 14:41:01]	LGD_RECEIVER : 
DEBUG	[2016-07-14 14:41:01]	LGD_RESPCODE : 0000
DEBUG	[2016-07-14 14:41:01]	LGD_BUYEREMAIL : m2play2@naver.com
DEBUG	[2016-07-14 14:41:01]	LGD_AUTHTYPE : XMPI
INFO	[2016-07-14 14:41:01]	END lguplus PG DATA log
------------------------------------------------------------------------------

