INFO	[2016-03-26 08:30:32]	START lguplus PG DATA log
INFO	[2016-03-26 08:30:32]	Connect IP	: 58.120.8.8
INFO	[2016-03-26 08:30:32]	Referer URL : http://xpay.lgdacom.net/xpay/SC0010Pay.do
INFO	[2016-03-26 08:30:32]	Request URL	: /shop/order/card/lgdacom/mobile/card_return.php
INFO	[2016-03-26 08:30:32]	User Agent	: Mozilla/5.0 (Linux; Android 5.1.1; SM-N920S Build/LMY47X; wv) AppleWebKit/537.36 (KHTML, like Gecko) Version/4.0 Chrome/48.0.2564.106 Mobile Safari/537.36;KAKAOTALK 1400223
DEBUG	[2016-03-26 08:30:32]	LGD_MID : go_francosmith
DEBUG	[2016-03-26 08:30:32]	LGD_DELIVERYINFO : 
DEBUG	[2016-03-26 08:30:32]	LGD_BUYER : 임병직
DEBUG	[2016-03-26 08:30:32]	LGD_AFFILIATECODE : 
DEBUG	[2016-03-26 08:30:32]	LGD_BUYERID : 
DEBUG	[2016-03-26 08:30:32]	LGD_OID : 1458948229079
DEBUG	[2016-03-26 08:30:32]	LGD_RECEIVERPHONE : 
DEBUG	[2016-03-26 08:30:32]	LGD_DEVICE : SM-N920S
DEBUG	[2016-03-26 08:30:32]	LGD_CLOSEDATE : 
DEBUG	[2016-03-26 08:30:32]	LGD_TIMESTAMP : 20160326083032
DEBUG	[2016-03-26 08:30:32]	LGD_CARDPREFIX : 459900
DEBUG	[2016-03-26 08:30:32]	LGD_BUYERPHONE : 
DEBUG	[2016-03-26 08:30:32]	LGD_ESCROWYN : N
DEBUG	[2016-03-26 08:30:32]	LGD_RETURNURL : http://francosmith.com/shop/order/card/lgdacom/mobile/card_return.php
DEBUG	[2016-03-26 08:30:32]	LGD_PAYTYPE : SC0010
DEBUG	[2016-03-26 08:30:32]	LGD_PAYKEY : 20160326083032CC61A4D8EACA886E3DC0BCBD268B91B1347E98C5
DEBUG	[2016-03-26 08:30:32]	LGD_AMOUNT : 107600
DEBUG	[2016-03-26 08:30:32]	LGD_BUYERSSN : 
DEBUG	[2016-03-26 08:30:32]	LGD_RESPMSG : 인증성공
DEBUG	[2016-03-26 08:30:32]	LGD_PRODUCTINFO : [APLUS] 전기타카 EF1835/네일러
DEBUG	[2016-03-26 08:30:32]	LGD_PRODUCTCODE : 
DEBUG	[2016-03-26 08:30:32]	LGD_HASHDATA : f8ed4f744a8981a97d08947d9223d1d7
DEBUG	[2016-03-26 08:30:32]	LGD_BUYERADDRESS : 
DEBUG	[2016-03-26 08:30:32]	LGD_BUYERIP : 58.120.8.8
DEBUG	[2016-03-26 08:30:32]	LGD_RECEIVER : 
DEBUG	[2016-03-26 08:30:32]	LGD_RESPCODE : 0000
DEBUG	[2016-03-26 08:30:32]	LGD_BUYEREMAIL : foxamond@hanmail.net
DEBUG	[2016-03-26 08:30:32]	LGD_AUTHTYPE : VBV
INFO	[2016-03-26 08:30:32]	END lguplus PG DATA log
------------------------------------------------------------------------------

INFO	[2016-03-26 08:30:47]	START lguplus PG DATA log
INFO	[2016-03-26 08:30:47]	Connect IP	: 58.120.8.8
INFO	[2016-03-26 08:30:47]	Referer URL : http://xpay.lgdacom.net/xpay/SC0010Pay.do
INFO	[2016-03-26 08:30:47]	Request URL	: /shop/order/card/lgdacom/mobile/card_return.php
INFO	[2016-03-26 08:30:47]	User Agent	: Mozilla/5.0 (Linux; Android 5.1.1; SM-N920S Build/LMY47X; wv) AppleWebKit/537.36 (KHTML, like Gecko) Version/4.0 Chrome/48.0.2564.106 Mobile Safari/537.36;KAKAOTALK 1400223
DEBUG	[2016-03-26 08:30:47]	LGD_MID : go_francosmith
DEBUG	[2016-03-26 08:30:47]	LGD_DELIVERYINFO : 
DEBUG	[2016-03-26 08:30:47]	LGD_BUYER : 임병직
DEBUG	[2016-03-26 08:30:47]	LGD_AFFILIATECODE : 
DEBUG	[2016-03-26 08:30:47]	LGD_BUYERID : 
DEBUG	[2016-03-26 08:30:47]	LGD_OID : 1458948229079
DEBUG	[2016-03-26 08:30:47]	LGD_RECEIVERPHONE : 
DEBUG	[2016-03-26 08:30:47]	LGD_DEVICE : SM-N920S
DEBUG	[2016-03-26 08:30:47]	LGD_CLOSEDATE : 
DEBUG	[2016-03-26 08:30:47]	LGD_TIMESTAMP : 20160326083047
DEBUG	[2016-03-26 08:30:47]	LGD_CARDPREFIX : 459900
DEBUG	[2016-03-26 08:30:47]	LGD_BUYERPHONE : 
DEBUG	[2016-03-26 08:30:47]	LGD_ESCROWYN : N
DEBUG	[2016-03-26 08:30:47]	LGD_RETURNURL : http://francosmith.com/shop/order/card/lgdacom/mobile/card_return.php
DEBUG	[2016-03-26 08:30:47]	LGD_PAYTYPE : SC0010
DEBUG	[2016-03-26 08:30:47]	LGD_PAYKEY : 20160326083047CC61A4D8EACA886E3DC0BCBD268B91B1347E98C5
DEBUG	[2016-03-26 08:30:47]	LGD_AMOUNT : 107600
DEBUG	[2016-03-26 08:30:47]	LGD_BUYERSSN : 
DEBUG	[2016-03-26 08:30:47]	LGD_RESPMSG : 인증성공
DEBUG	[2016-03-26 08:30:47]	LGD_PRODUCTINFO : [APLUS] 전기타카 EF1835/네일러
DEBUG	[2016-03-26 08:30:47]	LGD_PRODUCTCODE : 
DEBUG	[2016-03-26 08:30:47]	LGD_HASHDATA : 758fcbab750443c9b445b723c1c302bd
DEBUG	[2016-03-26 08:30:47]	LGD_BUYERADDRESS : 
DEBUG	[2016-03-26 08:30:47]	LGD_BUYERIP : 58.120.8.8
DEBUG	[2016-03-26 08:30:47]	LGD_RECEIVER : 
DEBUG	[2016-03-26 08:30:47]	LGD_RESPCODE : 0000
DEBUG	[2016-03-26 08:30:47]	LGD_BUYEREMAIL : foxamond@hanmail.net
DEBUG	[2016-03-26 08:30:47]	LGD_AUTHTYPE : VBV
INFO	[2016-03-26 08:30:47]	END lguplus PG DATA log
------------------------------------------------------------------------------

INFO	[2016-03-26 08:30:49]	START lguplus PG DATA log
INFO	[2016-03-26 08:30:49]	Connect IP	: 58.120.8.8
INFO	[2016-03-26 08:30:49]	Referer URL : http://xpay.lgdacom.net/xpay/SC0010Pay.do
INFO	[2016-03-26 08:30:49]	Request URL	: /shop/order/card/lgdacom/mobile/card_return.php
INFO	[2016-03-26 08:30:49]	User Agent	: Mozilla/5.0 (Linux; Android 5.1.1; SM-N920S Build/LMY47X; wv) AppleWebKit/537.36 (KHTML, like Gecko) Version/4.0 Chrome/48.0.2564.106 Mobile Safari/537.36;KAKAOTALK 1400223
DEBUG	[2016-03-26 08:30:49]	LGD_MID : go_francosmith
DEBUG	[2016-03-26 08:30:49]	LGD_DELIVERYINFO : 
DEBUG	[2016-03-26 08:30:49]	LGD_BUYER : 임병직
DEBUG	[2016-03-26 08:30:49]	LGD_AFFILIATECODE : 
DEBUG	[2016-03-26 08:30:49]	LGD_BUYERID : 
DEBUG	[2016-03-26 08:30:49]	LGD_OID : 1458948229079
DEBUG	[2016-03-26 08:30:49]	LGD_RECEIVERPHONE : 
DEBUG	[2016-03-26 08:30:49]	LGD_DEVICE : SM-N920S
DEBUG	[2016-03-26 08:30:49]	LGD_CLOSEDATE : 
DEBUG	[2016-03-26 08:30:49]	LGD_TIMESTAMP : 20160326083049
DEBUG	[2016-03-26 08:30:49]	LGD_CARDPREFIX : 459900
DEBUG	[2016-03-26 08:30:49]	LGD_BUYERPHONE : 
DEBUG	[2016-03-26 08:30:49]	LGD_ESCROWYN : N
DEBUG	[2016-03-26 08:30:49]	LGD_RETURNURL : http://francosmith.com/shop/order/card/lgdacom/mobile/card_return.php
DEBUG	[2016-03-26 08:30:49]	LGD_PAYTYPE : SC0010
DEBUG	[2016-03-26 08:30:49]	LGD_PAYKEY : 20160326083049CC61A4D8EACA886E3DC0BCBD268B91B1347E98C5
DEBUG	[2016-03-26 08:30:49]	LGD_AMOUNT : 107600
DEBUG	[2016-03-26 08:30:49]	LGD_BUYERSSN : 
DEBUG	[2016-03-26 08:30:49]	LGD_RESPMSG : 인증성공
DEBUG	[2016-03-26 08:30:49]	LGD_PRODUCTINFO : [APLUS] 전기타카 EF1835/네일러
DEBUG	[2016-03-26 08:30:49]	LGD_PRODUCTCODE : 
DEBUG	[2016-03-26 08:30:49]	LGD_HASHDATA : 3c156bbd92beebfcf037058fadd38dbc
DEBUG	[2016-03-26 08:30:49]	LGD_BUYERADDRESS : 
DEBUG	[2016-03-26 08:30:49]	LGD_BUYERIP : 58.120.8.8
DEBUG	[2016-03-26 08:30:49]	LGD_RECEIVER : 
DEBUG	[2016-03-26 08:30:49]	LGD_RESPCODE : 0000
DEBUG	[2016-03-26 08:30:49]	LGD_BUYEREMAIL : foxamond@hanmail.net
DEBUG	[2016-03-26 08:30:49]	LGD_AUTHTYPE : VBV
INFO	[2016-03-26 08:30:49]	END lguplus PG DATA log
------------------------------------------------------------------------------

