INFO	[2016-07-15 19:46:31]	START lguplus PG DATA log
INFO	[2016-07-15 19:46:31]	Connect IP	: 110.70.58.70
INFO	[2016-07-15 19:46:31]	Referer URL : http://xpay.lgdacom.net/xpay/SC0010Pay.do
INFO	[2016-07-15 19:46:31]	Request URL	: /shop/order/card/lgdacom/mobile/card_return.php
INFO	[2016-07-15 19:46:31]	User Agent	: Mozilla/5.0 (Linux; Android 6.0.1; SM-G935K Build/MMB29K; wv) AppleWebKit/537.36 (KHTML, like Gecko) Version/4.0 Chrome/51.0.2704.81 Mobile Safari/537.36;KAKAOTALK 1400238
DEBUG	[2016-07-15 19:46:31]	LGD_MID : go_francosmith
DEBUG	[2016-07-15 19:46:31]	LGD_DELIVERYINFO : 
DEBUG	[2016-07-15 19:46:31]	LGD_BUYER : 강민기
DEBUG	[2016-07-15 19:46:31]	LGD_AFFILIATECODE : BA79UU
DEBUG	[2016-07-15 19:46:31]	LGD_BUYERID : 
DEBUG	[2016-07-15 19:46:31]	LGD_OID : 1468579344233
DEBUG	[2016-07-15 19:46:31]	LGD_RECEIVERPHONE : 
DEBUG	[2016-07-15 19:46:31]	LGD_DEVICE : SM-G935K
DEBUG	[2016-07-15 19:46:31]	LGD_CLOSEDATE : 
DEBUG	[2016-07-15 19:46:31]	LGD_TIMESTAMP : 20160715194632
DEBUG	[2016-07-15 19:46:31]	LGD_CARDPREFIX : 941061
DEBUG	[2016-07-15 19:46:31]	LGD_BUYERPHONE : 
DEBUG	[2016-07-15 19:46:31]	LGD_ESCROWYN : N
DEBUG	[2016-07-15 19:46:31]	LGD_RETURNURL : http://francosmith.com/shop/order/card/lgdacom/mobile/card_return.php
DEBUG	[2016-07-15 19:46:31]	LGD_PAYTYPE : SC0010
DEBUG	[2016-07-15 19:46:31]	LGD_PAYKEY : 20160715194632736FA2C05D56F15F18BB9587D9C5E53FCF669201
DEBUG	[2016-07-15 19:46:31]	LGD_AMOUNT : 1500000
DEBUG	[2016-07-15 19:46:31]	LGD_BUYERSSN : 
DEBUG	[2016-07-15 19:46:31]	LGD_RESPMSG : 인증성공
DEBUG	[2016-07-15 19:46:31]	LGD_PRODUCTINFO : M2 개인결제
DEBUG	[2016-07-15 19:46:31]	LGD_PRODUCTCODE : 
DEBUG	[2016-07-15 19:46:31]	LGD_HASHDATA : e80cdfa3f6b3d87c9019c723bf3df66f
DEBUG	[2016-07-15 19:46:31]	LGD_BUYERADDRESS : 
DEBUG	[2016-07-15 19:46:31]	LGD_BUYERIP : 110.70.58.70
DEBUG	[2016-07-15 19:46:31]	LGD_RECEIVER : 
DEBUG	[2016-07-15 19:46:31]	LGD_RESPCODE : 0000
DEBUG	[2016-07-15 19:46:31]	LGD_BUYEREMAIL : m2play2@naver.com
DEBUG	[2016-07-15 19:46:31]	LGD_AUTHTYPE : XMPI
INFO	[2016-07-15 19:46:31]	END lguplus PG DATA log
------------------------------------------------------------------------------

INFO	[2016-07-15 19:46:43]	START lguplus PG DATA log
INFO	[2016-07-15 19:46:43]	Connect IP	: 110.70.58.70
INFO	[2016-07-15 19:46:43]	Referer URL : http://xpay.lgdacom.net/xpay/SC0010Pay.do
INFO	[2016-07-15 19:46:43]	Request URL	: /shop/order/card/lgdacom/mobile/card_return.php
INFO	[2016-07-15 19:46:43]	User Agent	: Mozilla/5.0 (Linux; Android 6.0.1; SM-G935K Build/MMB29K; wv) AppleWebKit/537.36 (KHTML, like Gecko) Version/4.0 Chrome/51.0.2704.81 Mobile Safari/537.36;KAKAOTALK 1400238
DEBUG	[2016-07-15 19:46:43]	LGD_MID : go_francosmith
DEBUG	[2016-07-15 19:46:43]	LGD_DELIVERYINFO : 
DEBUG	[2016-07-15 19:46:43]	LGD_BUYER : 강민기
DEBUG	[2016-07-15 19:46:43]	LGD_AFFILIATECODE : BA79UU
DEBUG	[2016-07-15 19:46:43]	LGD_BUYERID : 
DEBUG	[2016-07-15 19:46:43]	LGD_OID : 1468579344233
DEBUG	[2016-07-15 19:46:43]	LGD_RECEIVERPHONE : 
DEBUG	[2016-07-15 19:46:43]	LGD_DEVICE : SM-G935K
DEBUG	[2016-07-15 19:46:43]	LGD_CLOSEDATE : 
DEBUG	[2016-07-15 19:46:43]	LGD_TIMESTAMP : 20160715194644
DEBUG	[2016-07-15 19:46:43]	LGD_CARDPREFIX : 941061
DEBUG	[2016-07-15 19:46:43]	LGD_BUYERPHONE : 
DEBUG	[2016-07-15 19:46:43]	LGD_ESCROWYN : N
DEBUG	[2016-07-15 19:46:43]	LGD_RETURNURL : http://francosmith.com/shop/order/card/lgdacom/mobile/card_return.php
DEBUG	[2016-07-15 19:46:43]	LGD_PAYTYPE : SC0010
DEBUG	[2016-07-15 19:46:43]	LGD_PAYKEY : 20160715194644736FA2C05D56F15F18BB9587D9C5E53FCF669201
DEBUG	[2016-07-15 19:46:43]	LGD_AMOUNT : 1500000
DEBUG	[2016-07-15 19:46:43]	LGD_BUYERSSN : 
DEBUG	[2016-07-15 19:46:43]	LGD_RESPMSG : 인증성공
DEBUG	[2016-07-15 19:46:43]	LGD_PRODUCTINFO : M2 개인결제
DEBUG	[2016-07-15 19:46:43]	LGD_PRODUCTCODE : 
DEBUG	[2016-07-15 19:46:43]	LGD_HASHDATA : 749525103e45ec493c0cfc032616874e
DEBUG	[2016-07-15 19:46:43]	LGD_BUYERADDRESS : 
DEBUG	[2016-07-15 19:46:43]	LGD_BUYERIP : 110.70.58.70
DEBUG	[2016-07-15 19:46:43]	LGD_RECEIVER : 
DEBUG	[2016-07-15 19:46:43]	LGD_RESPCODE : 0000
DEBUG	[2016-07-15 19:46:43]	LGD_BUYEREMAIL : m2play2@naver.com
DEBUG	[2016-07-15 19:46:43]	LGD_AUTHTYPE : XMPI
INFO	[2016-07-15 19:46:43]	END lguplus PG DATA log
------------------------------------------------------------------------------

INFO	[2016-07-15 19:46:50]	START lguplus PG DATA log
INFO	[2016-07-15 19:46:50]	Connect IP	: 110.70.58.70
INFO	[2016-07-15 19:46:50]	Referer URL : http://xpay.lgdacom.net/xpay/SC0010Pay.do
INFO	[2016-07-15 19:46:50]	Request URL	: /shop/order/card/lgdacom/mobile/card_return.php
INFO	[2016-07-15 19:46:50]	User Agent	: Mozilla/5.0 (Linux; Android 6.0.1; SM-G935K Build/MMB29K; wv) AppleWebKit/537.36 (KHTML, like Gecko) Version/4.0 Chrome/51.0.2704.81 Mobile Safari/537.36;KAKAOTALK 1400238
DEBUG	[2016-07-15 19:46:50]	LGD_MID : go_francosmith
DEBUG	[2016-07-15 19:46:50]	LGD_DELIVERYINFO : 
DEBUG	[2016-07-15 19:46:50]	LGD_BUYER : 강민기
DEBUG	[2016-07-15 19:46:50]	LGD_AFFILIATECODE : BA79UU
DEBUG	[2016-07-15 19:46:50]	LGD_BUYERID : 
DEBUG	[2016-07-15 19:46:50]	LGD_OID : 1468579344233
DEBUG	[2016-07-15 19:46:50]	LGD_RECEIVERPHONE : 
DEBUG	[2016-07-15 19:46:50]	LGD_DEVICE : SM-G935K
DEBUG	[2016-07-15 19:46:50]	LGD_CLOSEDATE : 
DEBUG	[2016-07-15 19:46:50]	LGD_TIMESTAMP : 20160715194650
DEBUG	[2016-07-15 19:46:50]	LGD_CARDPREFIX : 941061
DEBUG	[2016-07-15 19:46:50]	LGD_BUYERPHONE : 
DEBUG	[2016-07-15 19:46:50]	LGD_ESCROWYN : N
DEBUG	[2016-07-15 19:46:50]	LGD_RETURNURL : http://francosmith.com/shop/order/card/lgdacom/mobile/card_return.php
DEBUG	[2016-07-15 19:46:50]	LGD_PAYTYPE : SC0010
DEBUG	[2016-07-15 19:46:50]	LGD_PAYKEY : 20160715194650736FA2C05D56F15F18BB9587D9C5E53FCF669201
DEBUG	[2016-07-15 19:46:50]	LGD_AMOUNT : 1500000
DEBUG	[2016-07-15 19:46:50]	LGD_BUYERSSN : 
DEBUG	[2016-07-15 19:46:50]	LGD_RESPMSG : 인증성공
DEBUG	[2016-07-15 19:46:50]	LGD_PRODUCTINFO : M2 개인결제
DEBUG	[2016-07-15 19:46:50]	LGD_PRODUCTCODE : 
DEBUG	[2016-07-15 19:46:50]	LGD_HASHDATA : b6beea79fe6a782f87936dc348c2611a
DEBUG	[2016-07-15 19:46:50]	LGD_BUYERADDRESS : 
DEBUG	[2016-07-15 19:46:50]	LGD_BUYERIP : 110.70.58.70
DEBUG	[2016-07-15 19:46:50]	LGD_RECEIVER : 
DEBUG	[2016-07-15 19:46:50]	LGD_RESPCODE : 0000
DEBUG	[2016-07-15 19:46:50]	LGD_BUYEREMAIL : m2play2@naver.com
DEBUG	[2016-07-15 19:46:50]	LGD_AUTHTYPE : XMPI
INFO	[2016-07-15 19:46:50]	END lguplus PG DATA log
------------------------------------------------------------------------------

INFO	[2016-07-15 19:49:48]	START lguplus PG DATA log
INFO	[2016-07-15 19:49:48]	Connect IP	: 110.70.58.70
INFO	[2016-07-15 19:49:48]	Referer URL : http://xpay.lgdacom.net/xpay/SC0010Pay.do
INFO	[2016-07-15 19:49:48]	Request URL	: /shop/order/card/lgdacom/mobile/card_return.php
INFO	[2016-07-15 19:49:48]	User Agent	: Mozilla/5.0 (Linux; Android 6.0.1; SM-G935K Build/MMB29K; wv) AppleWebKit/537.36 (KHTML, like Gecko) Version/4.0 Chrome/51.0.2704.81 Mobile Safari/537.36;KAKAOTALK 1400238
DEBUG	[2016-07-15 19:49:48]	LGD_MID : go_francosmith
DEBUG	[2016-07-15 19:49:48]	LGD_DELIVERYINFO : 
DEBUG	[2016-07-15 19:49:48]	LGD_BUYER : 강민기
DEBUG	[2016-07-15 19:49:48]	LGD_AFFILIATECODE : 090630
DEBUG	[2016-07-15 19:49:48]	LGD_BUYERID : 
DEBUG	[2016-07-15 19:49:48]	LGD_OID : 1468579653379
DEBUG	[2016-07-15 19:49:48]	LGD_RECEIVERPHONE : 
DEBUG	[2016-07-15 19:49:48]	LGD_DEVICE : SM-G935K
DEBUG	[2016-07-15 19:49:48]	LGD_CLOSEDATE : 
DEBUG	[2016-07-15 19:49:48]	LGD_TIMESTAMP : 20160715194948
DEBUG	[2016-07-15 19:49:48]	LGD_CARDPREFIX : 457973
DEBUG	[2016-07-15 19:49:48]	LGD_BUYERPHONE : 
DEBUG	[2016-07-15 19:49:48]	LGD_ESCROWYN : N
DEBUG	[2016-07-15 19:49:48]	LGD_RETURNURL : http://francosmith.com/shop/order/card/lgdacom/mobile/card_return.php
DEBUG	[2016-07-15 19:49:48]	LGD_PAYTYPE : SC0010
DEBUG	[2016-07-15 19:49:48]	LGD_PAYKEY : 201607151949487866A40B2FBD87130D76D1D4777EC5C5E3BC635B
DEBUG	[2016-07-15 19:49:48]	LGD_AMOUNT : 1300000
DEBUG	[2016-07-15 19:49:48]	LGD_BUYERSSN : 
DEBUG	[2016-07-15 19:49:48]	LGD_RESPMSG : 인증성공
DEBUG	[2016-07-15 19:49:48]	LGD_PRODUCTINFO : M2 개인결제
DEBUG	[2016-07-15 19:49:48]	LGD_PRODUCTCODE : 
DEBUG	[2016-07-15 19:49:48]	LGD_HASHDATA : 301fe7e8142361c7e7bb2350c45fd36e
DEBUG	[2016-07-15 19:49:48]	LGD_BUYERADDRESS : 
DEBUG	[2016-07-15 19:49:48]	LGD_BUYERIP : 110.70.58.70
DEBUG	[2016-07-15 19:49:48]	LGD_RECEIVER : 
DEBUG	[2016-07-15 19:49:48]	LGD_RESPCODE : 0000
DEBUG	[2016-07-15 19:49:48]	LGD_BUYEREMAIL : m2play2@naver.com
DEBUG	[2016-07-15 19:49:48]	LGD_AUTHTYPE : XMPI
INFO	[2016-07-15 19:49:48]	END lguplus PG DATA log
------------------------------------------------------------------------------

INFO	[2016-07-15 19:50:14]	START lguplus PG DATA log
INFO	[2016-07-15 19:50:14]	Connect IP	: 110.70.58.70
INFO	[2016-07-15 19:50:14]	Referer URL : http://xpay.lgdacom.net/xpay/SC0010Pay.do
INFO	[2016-07-15 19:50:14]	Request URL	: /shop/order/card/lgdacom/mobile/card_return.php
INFO	[2016-07-15 19:50:14]	User Agent	: Mozilla/5.0 (Linux; Android 6.0.1; SM-G935K Build/MMB29K; wv) AppleWebKit/537.36 (KHTML, like Gecko) Version/4.0 Chrome/51.0.2704.81 Mobile Safari/537.36;KAKAOTALK 1400238
DEBUG	[2016-07-15 19:50:14]	LGD_MID : go_francosmith
DEBUG	[2016-07-15 19:50:14]	LGD_DELIVERYINFO : 
DEBUG	[2016-07-15 19:50:14]	LGD_BUYER : 강민기
DEBUG	[2016-07-15 19:50:14]	LGD_AFFILIATECODE : 090630
DEBUG	[2016-07-15 19:50:14]	LGD_BUYERID : 
DEBUG	[2016-07-15 19:50:14]	LGD_OID : 1468579653379
DEBUG	[2016-07-15 19:50:14]	LGD_RECEIVERPHONE : 
DEBUG	[2016-07-15 19:50:14]	LGD_DEVICE : SM-G935K
DEBUG	[2016-07-15 19:50:14]	LGD_CLOSEDATE : 
DEBUG	[2016-07-15 19:50:14]	LGD_TIMESTAMP : 20160715195015
DEBUG	[2016-07-15 19:50:14]	LGD_CARDPREFIX : 457973
DEBUG	[2016-07-15 19:50:14]	LGD_BUYERPHONE : 
DEBUG	[2016-07-15 19:50:14]	LGD_ESCROWYN : N
DEBUG	[2016-07-15 19:50:14]	LGD_RETURNURL : http://francosmith.com/shop/order/card/lgdacom/mobile/card_return.php
DEBUG	[2016-07-15 19:50:14]	LGD_PAYTYPE : SC0010
DEBUG	[2016-07-15 19:50:14]	LGD_PAYKEY : 201607151950147866A40B2FBD87130D76D1D4777EC5C5E3BC635B
DEBUG	[2016-07-15 19:50:14]	LGD_AMOUNT : 1300000
DEBUG	[2016-07-15 19:50:14]	LGD_BUYERSSN : 
DEBUG	[2016-07-15 19:50:14]	LGD_RESPMSG : 인증성공
DEBUG	[2016-07-15 19:50:14]	LGD_PRODUCTINFO : M2 개인결제
DEBUG	[2016-07-15 19:50:14]	LGD_PRODUCTCODE : 
DEBUG	[2016-07-15 19:50:14]	LGD_HASHDATA : 39d5a782c82b4565840cebcb6bd01b91
DEBUG	[2016-07-15 19:50:14]	LGD_BUYERADDRESS : 
DEBUG	[2016-07-15 19:50:14]	LGD_BUYERIP : 110.70.58.70
DEBUG	[2016-07-15 19:50:14]	LGD_RECEIVER : 
DEBUG	[2016-07-15 19:50:14]	LGD_RESPCODE : 0000
DEBUG	[2016-07-15 19:50:14]	LGD_BUYEREMAIL : m2play2@naver.com
DEBUG	[2016-07-15 19:50:14]	LGD_AUTHTYPE : XMPI
INFO	[2016-07-15 19:50:14]	END lguplus PG DATA log
------------------------------------------------------------------------------

INFO	[2016-07-15 19:50:18]	START lguplus PG DATA log
INFO	[2016-07-15 19:50:18]	Connect IP	: 110.70.58.70
INFO	[2016-07-15 19:50:18]	Referer URL : http://xpay.lgdacom.net/xpay/SC0010Pay.do
INFO	[2016-07-15 19:50:18]	Request URL	: /shop/order/card/lgdacom/mobile/card_return.php
INFO	[2016-07-15 19:50:18]	User Agent	: Mozilla/5.0 (Linux; Android 6.0.1; SM-G935K Build/MMB29K; wv) AppleWebKit/537.36 (KHTML, like Gecko) Version/4.0 Chrome/51.0.2704.81 Mobile Safari/537.36;KAKAOTALK 1400238
DEBUG	[2016-07-15 19:50:18]	LGD_MID : go_francosmith
DEBUG	[2016-07-15 19:50:18]	LGD_DELIVERYINFO : 
DEBUG	[2016-07-15 19:50:18]	LGD_BUYER : 강민기
DEBUG	[2016-07-15 19:50:18]	LGD_AFFILIATECODE : 090630
DEBUG	[2016-07-15 19:50:18]	LGD_BUYERID : 
DEBUG	[2016-07-15 19:50:18]	LGD_OID : 1468579653379
DEBUG	[2016-07-15 19:50:18]	LGD_RECEIVERPHONE : 
DEBUG	[2016-07-15 19:50:18]	LGD_DEVICE : SM-G935K
DEBUG	[2016-07-15 19:50:18]	LGD_CLOSEDATE : 
DEBUG	[2016-07-15 19:50:18]	LGD_TIMESTAMP : 20160715195018
DEBUG	[2016-07-15 19:50:18]	LGD_CARDPREFIX : 457973
DEBUG	[2016-07-15 19:50:18]	LGD_BUYERPHONE : 
DEBUG	[2016-07-15 19:50:18]	LGD_ESCROWYN : N
DEBUG	[2016-07-15 19:50:18]	LGD_RETURNURL : http://francosmith.com/shop/order/card/lgdacom/mobile/card_return.php
DEBUG	[2016-07-15 19:50:18]	LGD_PAYTYPE : SC0010
DEBUG	[2016-07-15 19:50:18]	LGD_PAYKEY : 201607151950187866A40B2FBD87130D76D1D4777EC5C5E3BC635B
DEBUG	[2016-07-15 19:50:18]	LGD_AMOUNT : 1300000
DEBUG	[2016-07-15 19:50:18]	LGD_BUYERSSN : 
DEBUG	[2016-07-15 19:50:18]	LGD_RESPMSG : 인증성공
DEBUG	[2016-07-15 19:50:18]	LGD_PRODUCTINFO : M2 개인결제
DEBUG	[2016-07-15 19:50:18]	LGD_PRODUCTCODE : 
DEBUG	[2016-07-15 19:50:18]	LGD_HASHDATA : 739217417cb404cfbed62e707d5706d8
DEBUG	[2016-07-15 19:50:18]	LGD_BUYERADDRESS : 
DEBUG	[2016-07-15 19:50:18]	LGD_BUYERIP : 110.70.58.70
DEBUG	[2016-07-15 19:50:18]	LGD_RECEIVER : 
DEBUG	[2016-07-15 19:50:18]	LGD_RESPCODE : 0000
DEBUG	[2016-07-15 19:50:18]	LGD_BUYEREMAIL : m2play2@naver.com
DEBUG	[2016-07-15 19:50:18]	LGD_AUTHTYPE : XMPI
INFO	[2016-07-15 19:50:18]	END lguplus PG DATA log
------------------------------------------------------------------------------

