INFO	[2016-02-22 14:57:12]	START lguplus PG DATA log
INFO	[2016-02-22 14:57:12]	Connect IP	: 223.62.67.201
INFO	[2016-02-22 14:57:12]	Referer URL : http://xpay.lgdacom.net/xpay/SC0010Pay.do
INFO	[2016-02-22 14:57:12]	Request URL	: /shop/order/card/lgdacom/mobile/card_return.php
INFO	[2016-02-22 14:57:12]	User Agent	: Mozilla/5.0 (Linux; Android 5.1.1; LG-F600S Build/LMY47V; wv) AppleWebKit/537.36 (KHTML, like Gecko) Version/4.0 Chrome/48.0.2564.106 Mobile Safari/537.36 NAVER(inapp; search; 420; 6.8.2)
DEBUG	[2016-02-22 14:57:12]	LGD_MID : go_francosmith
DEBUG	[2016-02-22 14:57:12]	LGD_DELIVERYINFO : 
DEBUG	[2016-02-22 14:57:12]	LGD_BUYER : 한정무
DEBUG	[2016-02-22 14:57:12]	LGD_AFFILIATECODE : 
DEBUG	[2016-02-22 14:57:12]	LGD_BUYERID : 
DEBUG	[2016-02-22 14:57:12]	LGD_OID : 1456120535254
DEBUG	[2016-02-22 14:57:12]	LGD_RECEIVERPHONE : 
DEBUG	[2016-02-22 14:57:12]	LGD_DEVICE : LG-F600S
DEBUG	[2016-02-22 14:57:12]	LGD_CLOSEDATE : 
DEBUG	[2016-02-22 14:57:12]	LGD_TIMESTAMP : 20160222145712
DEBUG	[2016-02-22 14:57:12]	LGD_CARDPREFIX : 949019
DEBUG	[2016-02-22 14:57:12]	LGD_BUYERPHONE : 
DEBUG	[2016-02-22 14:57:12]	LGD_ESCROWYN : N
DEBUG	[2016-02-22 14:57:12]	LGD_RETURNURL : http://francosmith.com/shop/order/card/lgdacom/mobile/card_return.php
DEBUG	[2016-02-22 14:57:12]	LGD_PAYTYPE : SC0010
DEBUG	[2016-02-22 14:57:12]	LGD_PAYKEY : 20160222145712383C6918CDE7FFEA846797FB7DD35C9F32199B2B
DEBUG	[2016-02-22 14:57:12]	LGD_AMOUNT : 7200
DEBUG	[2016-02-22 14:57:12]	LGD_BUYERSSN : 
DEBUG	[2016-02-22 14:57:12]	LGD_RESPMSG : 인증성공
DEBUG	[2016-02-22 14:57:12]	LGD_PRODUCTINFO : [명화금속] 매그니코팅 목재용 스크류(델타피스)/목재 피스/나사 못/국산 외1건
DEBUG	[2016-02-22 14:57:12]	LGD_PRODUCTCODE : 
DEBUG	[2016-02-22 14:57:12]	LGD_HASHDATA : eef4b99fca2fdc4b0c8eb34fe9cfbeae
DEBUG	[2016-02-22 14:57:12]	LGD_BUYERADDRESS : 
DEBUG	[2016-02-22 14:57:12]	LGD_BUYERIP : 223.62.67.201
DEBUG	[2016-02-22 14:57:12]	LGD_RECEIVER : 
DEBUG	[2016-02-22 14:57:12]	LGD_RESPCODE : 0000
DEBUG	[2016-02-22 14:57:12]	LGD_BUYEREMAIL : moo312@naver.com
DEBUG	[2016-02-22 14:57:12]	LGD_AUTHTYPE : XMPI
INFO	[2016-02-22 14:57:12]	END lguplus PG DATA log
------------------------------------------------------------------------------

INFO	[2016-02-22 14:58:00]	START lguplus PG DATA log
INFO	[2016-02-22 14:58:00]	Connect IP	: 223.62.67.201
INFO	[2016-02-22 14:58:00]	Referer URL : http://xpay.lgdacom.net/xpay/SC0010Pay.do
INFO	[2016-02-22 14:58:00]	Request URL	: /shop/order/card/lgdacom/mobile/card_return.php
INFO	[2016-02-22 14:58:00]	User Agent	: Mozilla/5.0 (Linux; Android 5.1.1; LG-F600S Build/LMY47V; wv) AppleWebKit/537.36 (KHTML, like Gecko) Version/4.0 Chrome/48.0.2564.106 Mobile Safari/537.36 NAVER(inapp; search; 420; 6.8.2)
DEBUG	[2016-02-22 14:58:00]	LGD_MID : go_francosmith
DEBUG	[2016-02-22 14:58:00]	LGD_DELIVERYINFO : 
DEBUG	[2016-02-22 14:58:00]	LGD_BUYER : 한정무
DEBUG	[2016-02-22 14:58:00]	LGD_AFFILIATECODE : 
DEBUG	[2016-02-22 14:58:00]	LGD_BUYERID : 
DEBUG	[2016-02-22 14:58:00]	LGD_OID : 1456120535254
DEBUG	[2016-02-22 14:58:00]	LGD_RECEIVERPHONE : 
DEBUG	[2016-02-22 14:58:00]	LGD_DEVICE : LG-F600S
DEBUG	[2016-02-22 14:58:00]	LGD_CLOSEDATE : 
DEBUG	[2016-02-22 14:58:00]	LGD_TIMESTAMP : 20160222145800
DEBUG	[2016-02-22 14:58:00]	LGD_CARDPREFIX : 949019
DEBUG	[2016-02-22 14:58:00]	LGD_BUYERPHONE : 
DEBUG	[2016-02-22 14:58:00]	LGD_ESCROWYN : N
DEBUG	[2016-02-22 14:58:00]	LGD_RETURNURL : http://francosmith.com/shop/order/card/lgdacom/mobile/card_return.php
DEBUG	[2016-02-22 14:58:00]	LGD_PAYTYPE : SC0010
DEBUG	[2016-02-22 14:58:00]	LGD_PAYKEY : 20160222145800383C6918CDE7FFEA846797FB7DD35C9F32199B2B
DEBUG	[2016-02-22 14:58:00]	LGD_AMOUNT : 7200
DEBUG	[2016-02-22 14:58:00]	LGD_BUYERSSN : 
DEBUG	[2016-02-22 14:58:00]	LGD_RESPMSG : 인증성공
DEBUG	[2016-02-22 14:58:00]	LGD_PRODUCTINFO : [명화금속] 매그니코팅 목재용 스크류(델타피스)/목재 피스/나사 못/국산 외1건
DEBUG	[2016-02-22 14:58:00]	LGD_PRODUCTCODE : 
DEBUG	[2016-02-22 14:58:00]	LGD_HASHDATA : f3d2f5ac55374f478a1cef3abf139c26
DEBUG	[2016-02-22 14:58:00]	LGD_BUYERADDRESS : 
DEBUG	[2016-02-22 14:58:00]	LGD_BUYERIP : 223.62.67.201
DEBUG	[2016-02-22 14:58:00]	LGD_RECEIVER : 
DEBUG	[2016-02-22 14:58:00]	LGD_RESPCODE : 0000
DEBUG	[2016-02-22 14:58:00]	LGD_BUYEREMAIL : moo312@naver.com
DEBUG	[2016-02-22 14:58:00]	LGD_AUTHTYPE : XMPI
INFO	[2016-02-22 14:58:00]	END lguplus PG DATA log
------------------------------------------------------------------------------

