INFO	[2016-03-11 23:08:55]	START lguplus_nScreen PG DATA log
INFO	[2016-03-11 23:08:55]	Connect IP	: 121.181.0.94
INFO	[2016-03-11 23:08:55]	Referer URL : http://xpay.lgdacom.net/xpay/SC0010Pay.do
INFO	[2016-03-11 23:08:55]	Request URL	: /shop/order/card/lgdacom/mobile/nscreen_card_return.php?page_type=
INFO	[2016-03-11 23:08:55]	User Agent	: Mozilla/5.0 (Linux; Android 5.1.1; Nexus 7 Build/LMY47V; wv) AppleWebKit/537.36 (KHTML, like Gecko) Version/4.0 Chrome/48.0.2564.106 Safari/537.36 NAVER(inapp; search; 430; 6.9.1)
DEBUG	[2016-03-11 23:08:55]	LGD_MID : go_francosmith
DEBUG	[2016-03-11 23:08:55]	LGD_DELIVERYINFO : 
DEBUG	[2016-03-11 23:08:55]	LGD_BUYER : 박영민
DEBUG	[2016-03-11 23:08:55]	LGD_AFFILIATECODE : 
DEBUG	[2016-03-11 23:08:55]	LGD_BUYERID : 
DEBUG	[2016-03-11 23:08:55]	LGD_OID : 1457705010330
DEBUG	[2016-03-11 23:08:55]	LGD_RECEIVERPHONE : 
DEBUG	[2016-03-11 23:08:55]	LGD_DEVICE : Nexus 7
DEBUG	[2016-03-11 23:08:55]	LGD_CLOSEDATE : 
DEBUG	[2016-03-11 23:08:55]	LGD_TIMESTAMP : 20160311230853
DEBUG	[2016-03-11 23:08:55]	LGD_CARDPREFIX : 402857
DEBUG	[2016-03-11 23:08:55]	LGD_BUYERPHONE : 
DEBUG	[2016-03-11 23:08:55]	LGD_ESCROWYN : N
DEBUG	[2016-03-11 23:08:55]	LGD_RETURNURL : http://francosmith.com/shop/order/card/lgdacom/mobile/nscreen_card_return.php?page_type=
DEBUG	[2016-03-11 23:08:55]	LGD_PAYTYPE : SC0010
DEBUG	[2016-03-11 23:08:55]	LGD_PAYKEY : 20160311230853DAFA18B927C45A47EF7DC6F8CF143D8D7313C3C2
DEBUG	[2016-03-11 23:08:55]	LGD_AMOUNT : 103500
DEBUG	[2016-03-11 23:08:55]	LGD_BUYERSSN : 
DEBUG	[2016-03-11 23:08:55]	LGD_RESPMSG : 인증성공
DEBUG	[2016-03-11 23:08:55]	LGD_PRODUCTINFO : [Narex] 나렉스 8105 끌 세트 6pcs (61012162026mm)/끌집 별매
DEBUG	[2016-03-11 23:08:55]	LGD_PRODUCTCODE : 
DEBUG	[2016-03-11 23:08:55]	LGD_HASHDATA : 8c144db3d74b0ee6e6b6282c9f0dcb6d
DEBUG	[2016-03-11 23:08:55]	LGD_BUYERADDRESS : 
DEBUG	[2016-03-11 23:08:55]	LGD_BUYERIP : 121.181.0.94
DEBUG	[2016-03-11 23:08:55]	LGD_RECEIVER : 
DEBUG	[2016-03-11 23:08:55]	LGD_RESPCODE : 0000
DEBUG	[2016-03-11 23:08:55]	LGD_BUYEREMAIL : arkex2@gmail.com
DEBUG	[2016-03-11 23:08:55]	LGD_AUTHTYPE : XMPI
INFO	[2016-03-11 23:08:55]	END lguplus_nScreen PG DATA log
------------------------------------------------------------------------------

