INFO	[2015-12-08 20:50:28]	START lguplus_nScreen PG DATA log
INFO	[2015-12-08 20:50:28]	Connect IP	: 223.62.3.118
INFO	[2015-12-08 20:50:28]	Referer URL : http://xpay.lgdacom.net/xpay/SC0010Pay.do
INFO	[2015-12-08 20:50:28]	Request URL	: /shop/order/card/lgdacom/mobile/nscreen_card_return.php?page_type=
INFO	[2015-12-08 20:50:28]	User Agent	: Mozilla/5.0 (Linux; Android 5.1.1; SAMSUNG SM-G920S Build/LMY47X) AppleWebKit/537.36 (KHTML, like Gecko) SamsungBrowser/3.2 Chrome/38.0.2125.102 Mobile Safari/537.36
DEBUG	[2015-12-08 20:50:28]	LGD_MID : go_francosmith
DEBUG	[2015-12-08 20:50:28]	LGD_DELIVERYINFO : 
DEBUG	[2015-12-08 20:50:28]	LGD_BUYER : È«´Þ´Ô
DEBUG	[2015-12-08 20:50:28]	LGD_AFFILIATECODE : 
DEBUG	[2015-12-08 20:50:28]	LGD_BUYERID : 
DEBUG	[2015-12-08 20:50:28]	LGD_OID : 1449575288640
DEBUG	[2015-12-08 20:50:28]	LGD_RECEIVERPHONE : 
DEBUG	[2015-12-08 20:50:28]	LGD_DEVICE : SM-G920S
DEBUG	[2015-12-08 20:50:28]	LGD_CLOSEDATE : 
DEBUG	[2015-12-08 20:50:28]	LGD_TIMESTAMP : 20151208205028
DEBUG	[2015-12-08 20:50:28]	LGD_CARDPREFIX : 940915
DEBUG	[2015-12-08 20:50:28]	LGD_BUYERPHONE : 
DEBUG	[2015-12-08 20:50:28]	LGD_ESCROWYN : N
DEBUG	[2015-12-08 20:50:28]	LGD_RETURNURL : http://www.francosmith.com/shop/order/card/lgdacom/mobile/nscreen_card_return.php?page_type=
DEBUG	[2015-12-08 20:50:28]	LGD_PAYTYPE : SC0010
DEBUG	[2015-12-08 20:50:28]	LGD_PAYKEY : 2015120820502876F86988A2098DB34F701128B53F736480B9D7F6
DEBUG	[2015-12-08 20:50:28]	LGD_AMOUNT : 82800
DEBUG	[2015-12-08 20:50:28]	LGD_BUYERSSN : 
DEBUG	[2015-12-08 20:50:28]	LGD_RESPMSG : ÀÎÁõ¼º°ø
DEBUG	[2015-12-08 20:50:28]	LGD_PRODUCTINFO : [SHAPTON]»þÇÁÅæ Èæ¸· ¼ýµ¹ #320 ¿Ü1°Ç
DEBUG	[2015-12-08 20:50:28]	LGD_PRODUCTCODE : 
DEBUG	[2015-12-08 20:50:28]	LGD_HASHDATA : faf540b475eed0e361eb2402d31ce74a
DEBUG	[2015-12-08 20:50:28]	LGD_BUYERADDRESS : 
DEBUG	[2015-12-08 20:50:28]	LGD_BUYERIP : 223.62.3.118
DEBUG	[2015-12-08 20:50:28]	LGD_RECEIVER : 
DEBUG	[2015-12-08 20:50:28]	LGD_RESPCODE : 0000
DEBUG	[2015-12-08 20:50:28]	LGD_BUYEREMAIL : lj920621@gmail.com
DEBUG	[2015-12-08 20:50:28]	LGD_AUTHTYPE : VBV
INFO	[2015-12-08 20:50:28]	END lguplus_nScreen PG DATA log
------------------------------------------------------------------------------

INFO	[2015-12-08 20:50:41]	START lguplus_nScreen PG DATA log
INFO	[2015-12-08 20:50:41]	Connect IP	: 223.62.3.118
INFO	[2015-12-08 20:50:41]	Referer URL : http://xpay.lgdacom.net/xpay/SC0010Pay.do
INFO	[2015-12-08 20:50:41]	Request URL	: /shop/order/card/lgdacom/mobile/nscreen_card_return.php?page_type=
INFO	[2015-12-08 20:50:41]	User Agent	: Mozilla/5.0 (Linux; Android 5.1.1; SAMSUNG SM-G920S Build/LMY47X) AppleWebKit/537.36 (KHTML, like Gecko) SamsungBrowser/3.2 Chrome/38.0.2125.102 Mobile Safari/537.36
DEBUG	[2015-12-08 20:50:41]	LGD_MID : go_francosmith
DEBUG	[2015-12-08 20:50:41]	LGD_DELIVERYINFO : 
DEBUG	[2015-12-08 20:50:41]	LGD_BUYER : È«´Þ´Ô
DEBUG	[2015-12-08 20:50:41]	LGD_AFFILIATECODE : 
DEBUG	[2015-12-08 20:50:41]	LGD_BUYERID : 
DEBUG	[2015-12-08 20:50:41]	LGD_OID : 1449575288640
DEBUG	[2015-12-08 20:50:41]	LGD_RECEIVERPHONE : 
DEBUG	[2015-12-08 20:50:41]	LGD_DEVICE : SM-G920S
DEBUG	[2015-12-08 20:50:41]	LGD_CLOSEDATE : 
DEBUG	[2015-12-08 20:50:41]	LGD_TIMESTAMP : 20151208205041
DEBUG	[2015-12-08 20:50:41]	LGD_CARDPREFIX : 940915
DEBUG	[2015-12-08 20:50:41]	LGD_BUYERPHONE : 
DEBUG	[2015-12-08 20:50:41]	LGD_ESCROWYN : N
DEBUG	[2015-12-08 20:50:41]	LGD_RETURNURL : http://www.francosmith.com/shop/order/card/lgdacom/mobile/nscreen_card_return.php?page_type=
DEBUG	[2015-12-08 20:50:41]	LGD_PAYTYPE : SC0010
DEBUG	[2015-12-08 20:50:41]	LGD_PAYKEY : 2015120820504176F86988A2098DB34F701128B53F736480B9D7F6
DEBUG	[2015-12-08 20:50:41]	LGD_AMOUNT : 82800
DEBUG	[2015-12-08 20:50:41]	LGD_BUYERSSN : 
DEBUG	[2015-12-08 20:50:41]	LGD_RESPMSG : ÀÎÁõ¼º°ø
DEBUG	[2015-12-08 20:50:41]	LGD_PRODUCTINFO : [SHAPTON]»þÇÁÅæ Èæ¸· ¼ýµ¹ #320 ¿Ü1°Ç
DEBUG	[2015-12-08 20:50:41]	LGD_PRODUCTCODE : 
DEBUG	[2015-12-08 20:50:41]	LGD_HASHDATA : 98d0bee73de33b52a99d97cc276f3a97
DEBUG	[2015-12-08 20:50:41]	LGD_BUYERADDRESS : 
DEBUG	[2015-12-08 20:50:41]	LGD_BUYERIP : 223.62.3.118
DEBUG	[2015-12-08 20:50:41]	LGD_RECEIVER : 
DEBUG	[2015-12-08 20:50:41]	LGD_RESPCODE : 0000
DEBUG	[2015-12-08 20:50:41]	LGD_BUYEREMAIL : lj920621@gmail.com
DEBUG	[2015-12-08 20:50:41]	LGD_AUTHTYPE : VBV
INFO	[2015-12-08 20:50:41]	END lguplus_nScreen PG DATA log
------------------------------------------------------------------------------

