INFO	[2016-06-13 11:17:33]	START lguplus_nScreen PG DATA log
INFO	[2016-06-13 11:17:33]	Connect IP	: 112.186.154.86
INFO	[2016-06-13 11:17:33]	Referer URL : http://xpay.lgdacom.net/xpay/SC0010Pay.do
INFO	[2016-06-13 11:17:33]	Request URL	: /shop/order/card/lgdacom/mobile/nscreen_card_return.php?page_type=
INFO	[2016-06-13 11:17:33]	User Agent	: Mozilla/5.0 (iPad; CPU OS 9_3_2 like Mac OS X) AppleWebKit/601.1.46 (KHTML, like Gecko) Mobile/13F69 Version/5.1 Safari/7534.48.3 NAVER(inapp; search; 131; 7.1.1)
DEBUG	[2016-06-13 11:17:33]	LGD_MID : go_francosmith
DEBUG	[2016-06-13 11:17:33]	LGD_DELIVERYINFO : 
DEBUG	[2016-06-13 11:17:33]	LGD_BUYER : 김상길
DEBUG	[2016-06-13 11:17:33]	LGD_AFFILIATECODE : 
DEBUG	[2016-06-13 11:17:33]	LGD_BUYERID : 
DEBUG	[2016-06-13 11:17:33]	LGD_OID : 1465784089247
DEBUG	[2016-06-13 11:17:33]	LGD_RECEIVERPHONE : 
DEBUG	[2016-06-13 11:17:33]	LGD_DEVICE : iPad
DEBUG	[2016-06-13 11:17:33]	LGD_CLOSEDATE : 
DEBUG	[2016-06-13 11:17:33]	LGD_TIMESTAMP : 20160613111736
DEBUG	[2016-06-13 11:17:33]	LGD_CARDPREFIX : 531070
DEBUG	[2016-06-13 11:17:33]	LGD_BUYERPHONE : 
DEBUG	[2016-06-13 11:17:33]	LGD_ESCROWYN : N
DEBUG	[2016-06-13 11:17:33]	LGD_RETURNURL : http://francosmith.com/shop/order/card/lgdacom/mobile/nscreen_card_return.php?page_type=
DEBUG	[2016-06-13 11:17:33]	LGD_PAYTYPE : SC0010
DEBUG	[2016-06-13 11:17:33]	LGD_PAYKEY : 201606131117364D548D3DBC196C4F7275BE755CA11E0B8B2A25B4
DEBUG	[2016-06-13 11:17:33]	LGD_AMOUNT : 63000
DEBUG	[2016-06-13 11:17:33]	LGD_BUYERSSN : 
DEBUG	[2016-06-13 11:17:33]	LGD_RESPMSG : 인증성공
DEBUG	[2016-06-13 11:17:33]	LGD_PRODUCTINFO : [DMT] 8인치 다이아몬드 숫돌(D8)/입도선택
DEBUG	[2016-06-13 11:17:33]	LGD_PRODUCTCODE : 
DEBUG	[2016-06-13 11:17:33]	LGD_HASHDATA : 174917a205c9f7128cb633439c1a3347
DEBUG	[2016-06-13 11:17:33]	LGD_BUYERADDRESS : 
DEBUG	[2016-06-13 11:17:33]	LGD_BUYERIP : 112.186.154.86
DEBUG	[2016-06-13 11:17:33]	LGD_RECEIVER : 
DEBUG	[2016-06-13 11:17:33]	LGD_RESPCODE : 0000
DEBUG	[2016-06-13 11:17:33]	LGD_BUYEREMAIL : kustomduo@gmail.com
DEBUG	[2016-06-13 11:17:33]	LGD_AUTHTYPE : XMPI
INFO	[2016-06-13 11:17:33]	END lguplus_nScreen PG DATA log
------------------------------------------------------------------------------

