INFO	[2015-11-25 18:09:34]	START lguplus_nScreen PG DATA log
INFO	[2015-11-25 18:09:34]	Connect IP	: 175.223.45.228
INFO	[2015-11-25 18:09:34]	Referer URL : http://xpay.lgdacom.net/xpay/SC0010Pay.do
INFO	[2015-11-25 18:09:34]	Request URL	: /shop/order/card/lgdacom/mobile/nscreen_card_return.php?page_type=
INFO	[2015-11-25 18:09:34]	User Agent	: Mozilla/5.0 (iPad; CPU OS 8_4 like Mac OS X) AppleWebKit/600.1.4 (KHTML, like Gecko) Version/8.0 Mobile/12H143 Safari/600.1.4
DEBUG	[2015-11-25 18:09:34]	LGD_MID : go_francosmith
DEBUG	[2015-11-25 18:09:34]	LGD_DELIVERYINFO : 
DEBUG	[2015-11-25 18:09:34]	LGD_BUYER : 김태석
DEBUG	[2015-11-25 18:09:34]	LGD_AFFILIATECODE : AMA91Y
DEBUG	[2015-11-25 18:09:34]	LGD_BUYERID : 
DEBUG	[2015-11-25 18:09:34]	LGD_OID : 1448442331230
DEBUG	[2015-11-25 18:09:34]	LGD_RECEIVERPHONE : 
DEBUG	[2015-11-25 18:09:34]	LGD_DEVICE : iPad
DEBUG	[2015-11-25 18:09:34]	LGD_CLOSEDATE : 
DEBUG	[2015-11-25 18:09:34]	LGD_TIMESTAMP : 20151125180934
DEBUG	[2015-11-25 18:09:34]	LGD_CARDPREFIX : 510737
DEBUG	[2015-11-25 18:09:34]	LGD_BUYERPHONE : 
DEBUG	[2015-11-25 18:09:34]	LGD_ESCROWYN : N
DEBUG	[2015-11-25 18:09:34]	LGD_RETURNURL : http://francosmith.com/shop/order/card/lgdacom/mobile/nscreen_card_return.php?page_type=
DEBUG	[2015-11-25 18:09:34]	LGD_PAYTYPE : SC0010
DEBUG	[2015-11-25 18:09:34]	LGD_PAYKEY : 2015112518093478F7DDD9D776170852DD4A6658676D7ADFC3FFB8
DEBUG	[2015-11-25 18:09:34]	LGD_AMOUNT : 78700
DEBUG	[2015-11-25 18:09:34]	LGD_BUYERSSN : 
DEBUG	[2015-11-25 18:09:34]	LGD_RESPMSG : 인증성공
DEBUG	[2015-11-25 18:09:34]	LGD_PRODUCTINFO : [Narex] 나렉스 8105 끌 세트 6pcs (61012162026mm)/끌집 별매 외1건
DEBUG	[2015-11-25 18:09:34]	LGD_PRODUCTCODE : 
DEBUG	[2015-11-25 18:09:34]	LGD_HASHDATA : 814a725638573d2c639cf2c74a54a3eb
DEBUG	[2015-11-25 18:09:34]	LGD_BUYERADDRESS : 
DEBUG	[2015-11-25 18:09:34]	LGD_BUYERIP : 175.223.45.228
DEBUG	[2015-11-25 18:09:34]	LGD_RECEIVER : 
DEBUG	[2015-11-25 18:09:34]	LGD_RESPCODE : 0000
DEBUG	[2015-11-25 18:09:34]	LGD_BUYEREMAIL : taesuk007@naver.com
DEBUG	[2015-11-25 18:09:34]	LGD_AUTHTYPE : XMPI
INFO	[2015-11-25 18:09:34]	END lguplus_nScreen PG DATA log
------------------------------------------------------------------------------

