2016-03-25 16:24:56 [INFO ] [] XPayClient initialize [/www/francotr3287_godo_co_kr/shop/conf/lgdacom] [service]
2016-03-25 16:24:56 [DEBUG] [] Config [server_id] = [01]
2016-03-25 16:24:56 [DEBUG] [] Config [timeout] = [60]
2016-03-25 16:24:56 [DEBUG] [] Config [log_level] = [4]
2016-03-25 16:24:56 [DEBUG] [] Config [verify_cert] = [1]
2016-03-25 16:24:56 [DEBUG] [] Config [verify_host] = [1]
2016-03-25 16:24:56 [DEBUG] [] Config [report_error] = [1]
2016-03-25 16:24:56 [DEBUG] [] Config [output_utf8] = [0]
2016-03-25 16:24:56 [DEBUG] [] Config [auto_rollback] = [1]
2016-03-25 16:24:56 [DEBUG] [] Config [log_dir] = [/log/lgdacom]
2016-03-25 16:24:56 [DEBUG] [] Config [go_francosmith] = [fdfb4a2f34d255d2537461c422912f49]
2016-03-25 16:24:56 [DEBUG] [] Config [tgo_francosmith] = [fdfb4a2f34d255d2537461c422912f49]
2016-03-25 16:24:56 [DEBUG] [] Config [url] = [https://xpayclient.lgdacom.net/xpay/Gateway.do]
2016-03-25 16:24:56 [DEBUG] [] Config [test_url] = [https://xpayclient.lgdacom.net:7443/xpay/Gateway.do]
2016-03-25 16:24:56 [DEBUG] [] Config [aux_url] = [http://xpay.lgdacom.net:7080/xpay/Gateway.do]
2016-03-25 16:24:56 [DEBUG] [go_francosmith-012016032516245674a53408aad3baa7bb64676f74535075410f169c] Post [LGD_TXID] = [go_francosmith-012016032516245674a53408aad3baa7bb64676f74535075410f169c]
2016-03-25 16:24:56 [DEBUG] [go_francosmith-012016032516245674a53408aad3baa7bb64676f74535075410f169c] Post [LGD_AUTHCODE] = [cc3553abe06c0223b7ce61b96b1182b5a7488cec]
2016-03-25 16:24:56 [DEBUG] [go_francosmith-012016032516245674a53408aad3baa7bb64676f74535075410f169c] Post [LGD_MID] = [go_francosmith]
2016-03-25 16:24:56 [DEBUG] [go_francosmith-012016032516245674a53408aad3baa7bb64676f74535075410f169c] Post [LGD_TXNAME] = [CashReceipt]
2016-03-25 16:24:56 [DEBUG] [go_francosmith-012016032516245674a53408aad3baa7bb64676f74535075410f169c] Post [LGD_METHOD] = [AUTH]
2016-03-25 16:24:56 [DEBUG] [go_francosmith-012016032516245674a53408aad3baa7bb64676f74535075410f169c] Post [LGD_PAYTYPE] = [SC0100]
2016-03-25 16:24:56 [DEBUG] [go_francosmith-012016032516245674a53408aad3baa7bb64676f74535075410f169c] Post [LGD_OID] = [1458878066281]
2016-03-25 16:24:56 [DEBUG] [go_francosmith-012016032516245674a53408aad3baa7bb64676f74535075410f169c] Post [LGD_AMOUNT] = [136000]
2016-03-25 16:24:56 [DEBUG] [go_francosmith-012016032516245674a53408aad3baa7bb64676f74535075410f169c] Post [LGD_CASHCARDNUM] = [01022293338]
2016-03-25 16:24:56 [DEBUG] [go_francosmith-012016032516245674a53408aad3baa7bb64676f74535075410f169c] Post [LGD_CUSTOM_MERTNAME] = [Francosmith(ÇÁ¶ûÄÚ½º¹Ì½º)]
2016-03-25 16:24:56 [DEBUG] [go_francosmith-012016032516245674a53408aad3baa7bb64676f74535075410f169c] Post [LGD_CUSTOM_CEONAME] = [±è¼ºÈ¯]
2016-03-25 16:24:56 [DEBUG] [go_francosmith-012016032516245674a53408aad3baa7bb64676f74535075410f169c] Post [LGD_CUSTOM_BUSINESSNUM] = [1283960117]
2016-03-25 16:24:56 [DEBUG] [go_francosmith-012016032516245674a53408aad3baa7bb64676f74535075410f169c] Post [LGD_CUSTOM_MERTPHONE] = [1599-7835]
2016-03-25 16:24:56 [DEBUG] [go_francosmith-012016032516245674a53408aad3baa7bb64676f74535075410f169c] Post [LGD_CASHRECEIPTUSE] = [1]
2016-03-25 16:24:56 [DEBUG] [go_francosmith-012016032516245674a53408aad3baa7bb64676f74535075410f169c] Post [LGD_SEQNO] = [001]
2016-03-25 16:24:56 [DEBUG] [go_francosmith-012016032516245674a53408aad3baa7bb64676f74535075410f169c] Post [LGD_TAXFREEAMOUNT] = [0]
2016-03-25 16:24:56 [DEBUG] [go_francosmith-012016032516245674a53408aad3baa7bb64676f74535075410f169c] Post [LGD_PRODUCTINFO] = [[DMT]8ÀÎÄ¡ ¾ç¸é ´ÙÀÌ¾Æ¸óµå ¼ý.]
2016-03-25 16:24:56 [DEBUG] [go_francosmith-012016032516245674a53408aad3baa7bb64676f74535075410f169c] post_string = LGD_TXID=go_francosmith-012016032516245674a53408aad3baa7bb64676f74535075410f169c&LGD_AUTHCODE=cc3553abe06c0223b7ce61b96b1182b5a7488cec&LGD_MID=go_francosmith&LGD_TXNAME=CashReceipt&LGD_METHOD=AUTH&LGD_PAYTYPE=SC0100&LGD_OID=1458878066281&LGD_AMOUNT=136000&LGD_CASHCARDNUM=01022293338&LGD_CUSTOM_MERTNAME=Francosmith%28%C7%C1%B6%FB%C4%DA%BD%BA%B9%CC%BD%BA%29&LGD_CUSTOM_CEONAME=%B1%E8%BC%BA%C8%AF&LGD_CUSTOM_BUSINESSNUM=1283960117&LGD_CUSTOM_MERTPHONE=1599-7835&LGD_CASHRECEIPTUSE=1&LGD_SEQNO=001&LGD_TAXFREEAMOUNT=0&LGD_PRODUCTINFO=%5BDMT%5D8%C0%CE%C4%A1+%BE%E7%B8%E9+%B4%D9%C0%CC%BE%C6%B8%F3%B5%E5+%BC%FD.
2016-03-25 16:24:56 [DEBUG] [go_francosmith-012016032516245674a53408aad3baa7bb64676f74535075410f169c] Result = [









{"LGD_RESPCODE":"0000","LGD_RESPMSG":"ë°œê¸‰ì„±ê³µ","LGD_RESPONSE":[{"LGD_HASHDATA":"97cf85be5dece64625b14aca0421a2ae","LGD_CASHRECEIPTNUM":"G30926144","LGD_TID":"go_fr2016032516245962919","LGD_RESPCODE":"0000","LGD_TIMESTAMP":"20160325162500","LGD_RESPMSG":"ë°œê¸‰ì„±ê³µ","LGD_OID":"1458878066281","LGD_RESPDATE":"20160325162459"}]}
]
2016-03-25 16:24:56 [INFO ] [go_francosmith-012016032516245674a53408aad3baa7bb64676f74535075410f169c] Response Code=[0000], Msg=[¹ß±Þ¼º°ø], Count=1
2016-03-25 16:24:56 [DEBUG] [go_francosmith-012016032516245674a53408aad3baa7bb64676f74535075410f169c] Response (LGD_HASHDATA, 0) = 97cf85be5dece64625b14aca0421a2ae
2016-03-25 16:24:56 [DEBUG] [go_francosmith-012016032516245674a53408aad3baa7bb64676f74535075410f169c] Response (LGD_CASHRECEIPTNUM, 0) = G30926144
2016-03-25 16:24:56 [DEBUG] [go_francosmith-012016032516245674a53408aad3baa7bb64676f74535075410f169c] Response (LGD_TID, 0) = go_fr2016032516245962919
2016-03-25 16:24:56 [DEBUG] [go_francosmith-012016032516245674a53408aad3baa7bb64676f74535075410f169c] Response (LGD_RESPCODE, 0) = 0000
2016-03-25 16:24:56 [DEBUG] [go_francosmith-012016032516245674a53408aad3baa7bb64676f74535075410f169c] Response (LGD_TIMESTAMP, 0) = 20160325162500
2016-03-25 16:24:56 [DEBUG] [go_francosmith-012016032516245674a53408aad3baa7bb64676f74535075410f169c] Response (LGD_RESPMSG, 0) = ¹ß±Þ¼º°ø
2016-03-25 16:24:56 [DEBUG] [go_francosmith-012016032516245674a53408aad3baa7bb64676f74535075410f169c] Response (LGD_OID, 0) = 1458878066281
2016-03-25 16:24:56 [DEBUG] [go_francosmith-012016032516245674a53408aad3baa7bb64676f74535075410f169c] Response (LGD_RESPDATE, 0) = 20160325162459
