2016-04-13 12:48:12 [INFO ] [] XPayClient initialize [/www/francotr3287_godo_co_kr/shop/conf/lgdacom] [service]
2016-04-13 12:48:12 [DEBUG] [] Config [server_id] = [01]
2016-04-13 12:48:12 [DEBUG] [] Config [timeout] = [60]
2016-04-13 12:48:12 [DEBUG] [] Config [log_level] = [4]
2016-04-13 12:48:12 [DEBUG] [] Config [verify_cert] = [1]
2016-04-13 12:48:12 [DEBUG] [] Config [verify_host] = [1]
2016-04-13 12:48:12 [DEBUG] [] Config [report_error] = [1]
2016-04-13 12:48:12 [DEBUG] [] Config [output_utf8] = [0]
2016-04-13 12:48:12 [DEBUG] [] Config [auto_rollback] = [1]
2016-04-13 12:48:12 [DEBUG] [] Config [log_dir] = [/log/lgdacom]
2016-04-13 12:48:12 [DEBUG] [] Config [go_francosmith] = [fdfb4a2f34d255d2537461c422912f49]
2016-04-13 12:48:12 [DEBUG] [] Config [tgo_francosmith] = [fdfb4a2f34d255d2537461c422912f49]
2016-04-13 12:48:12 [DEBUG] [] Config [url] = [https://xpayclient.lgdacom.net/xpay/Gateway.do]
2016-04-13 12:48:12 [DEBUG] [] Config [test_url] = [https://xpayclient.lgdacom.net:7443/xpay/Gateway.do]
2016-04-13 12:48:12 [DEBUG] [] Config [aux_url] = [http://xpay.lgdacom.net:7080/xpay/Gateway.do]
2016-04-13 12:48:12 [DEBUG] [go_francosmith-01201604131248120911fe9c5f2ab6a7bfd15147f74dc376918f76d9] Post [LGD_TXID] = [go_francosmith-01201604131248120911fe9c5f2ab6a7bfd15147f74dc376918f76d9]
2016-04-13 12:48:12 [DEBUG] [go_francosmith-01201604131248120911fe9c5f2ab6a7bfd15147f74dc376918f76d9] Post [LGD_AUTHCODE] = [a7c482172209fc84c6b1313b390b4d6c57ea188f]
2016-04-13 12:48:12 [DEBUG] [go_francosmith-01201604131248120911fe9c5f2ab6a7bfd15147f74dc376918f76d9] Post [LGD_MID] = [go_francosmith]
2016-04-13 12:48:12 [DEBUG] [go_francosmith-01201604131248120911fe9c5f2ab6a7bfd15147f74dc376918f76d9] Post [LGD_TXNAME] = [CashReceipt]
2016-04-13 12:48:12 [DEBUG] [go_francosmith-01201604131248120911fe9c5f2ab6a7bfd15147f74dc376918f76d9] Post [LGD_METHOD] = [AUTH]
2016-04-13 12:48:12 [DEBUG] [go_francosmith-01201604131248120911fe9c5f2ab6a7bfd15147f74dc376918f76d9] Post [LGD_PAYTYPE] = [SC0100]
2016-04-13 12:48:12 [DEBUG] [go_francosmith-01201604131248120911fe9c5f2ab6a7bfd15147f74dc376918f76d9] Post [LGD_OID] = [1460519192641]
2016-04-13 12:48:12 [DEBUG] [go_francosmith-01201604131248120911fe9c5f2ab6a7bfd15147f74dc376918f76d9] Post [LGD_AMOUNT] = [6500]
2016-04-13 12:48:12 [DEBUG] [go_francosmith-01201604131248120911fe9c5f2ab6a7bfd15147f74dc376918f76d9] Post [LGD_CASHCARDNUM] = [01053439696]
2016-04-13 12:48:12 [DEBUG] [go_francosmith-01201604131248120911fe9c5f2ab6a7bfd15147f74dc376918f76d9] Post [LGD_CUSTOM_MERTNAME] = [Francosmith(ÇÁ¶ûÄÚ½º¹Ì½º)]
2016-04-13 12:48:12 [DEBUG] [go_francosmith-01201604131248120911fe9c5f2ab6a7bfd15147f74dc376918f76d9] Post [LGD_CUSTOM_CEONAME] = [±è¼ºÈ¯]
2016-04-13 12:48:12 [DEBUG] [go_francosmith-01201604131248120911fe9c5f2ab6a7bfd15147f74dc376918f76d9] Post [LGD_CUSTOM_BUSINESSNUM] = [1283960117]
2016-04-13 12:48:12 [DEBUG] [go_francosmith-01201604131248120911fe9c5f2ab6a7bfd15147f74dc376918f76d9] Post [LGD_CUSTOM_MERTPHONE] = [1599-7835]
2016-04-13 12:48:12 [DEBUG] [go_francosmith-01201604131248120911fe9c5f2ab6a7bfd15147f74dc376918f76d9] Post [LGD_CASHRECEIPTUSE] = [1]
2016-04-13 12:48:12 [DEBUG] [go_francosmith-01201604131248120911fe9c5f2ab6a7bfd15147f74dc376918f76d9] Post [LGD_SEQNO] = [001]
2016-04-13 12:48:12 [DEBUG] [go_francosmith-01201604131248120911fe9c5f2ab6a7bfd15147f74dc376918f76d9] Post [LGD_TAXFREEAMOUNT] = [0]
2016-04-13 12:48:12 [DEBUG] [go_francosmith-01201604131248120911fe9c5f2ab6a7bfd15147f74dc376918f76d9] Post [LGD_PRODUCTINFO] = [[Kreg] Å©·¹±× Æ÷ÄÏ-È¦ ½ºÅ©·ù..]
2016-04-13 12:48:12 [DEBUG] [go_francosmith-01201604131248120911fe9c5f2ab6a7bfd15147f74dc376918f76d9] post_string = LGD_TXID=go_francosmith-01201604131248120911fe9c5f2ab6a7bfd15147f74dc376918f76d9&LGD_AUTHCODE=a7c482172209fc84c6b1313b390b4d6c57ea188f&LGD_MID=go_francosmith&LGD_TXNAME=CashReceipt&LGD_METHOD=AUTH&LGD_PAYTYPE=SC0100&LGD_OID=1460519192641&LGD_AMOUNT=6500&LGD_CASHCARDNUM=01053439696&LGD_CUSTOM_MERTNAME=Francosmith%28%C7%C1%B6%FB%C4%DA%BD%BA%B9%CC%BD%BA%29&LGD_CUSTOM_CEONAME=%B1%E8%BC%BA%C8%AF&LGD_CUSTOM_BUSINESSNUM=1283960117&LGD_CUSTOM_MERTPHONE=1599-7835&LGD_CASHRECEIPTUSE=1&LGD_SEQNO=001&LGD_TAXFREEAMOUNT=0&LGD_PRODUCTINFO=%5BKreg%5D+%C5%A9%B7%B9%B1%D7+%C6%F7%C4%CF-%C8%A6+%BD%BA%C5%A9%B7%F9..
2016-04-13 12:48:13 [DEBUG] [go_francosmith-01201604131248120911fe9c5f2ab6a7bfd15147f74dc376918f76d9] Result = [









{"LGD_RESPCODE":"0000","LGD_RESPMSG":"ë°œê¸‰ì„±ê³µ","LGD_RESPONSE":[{"LGD_HASHDATA":"4c7ed19ad98cb80a0b20f543daf91344","LGD_CASHRECEIPTNUM":"G30301294","LGD_TID":"go_fr2016041312481314975","LGD_RESPCODE":"0000","LGD_TIMESTAMP":"20160413124813","LGD_RESPMSG":"ë°œê¸‰ì„±ê³µ","LGD_OID":"1460519192641","LGD_RESPDATE":"20160413124813"}]}
]
2016-04-13 12:48:13 [INFO ] [go_francosmith-01201604131248120911fe9c5f2ab6a7bfd15147f74dc376918f76d9] Response Code=[0000], Msg=[¹ß±Þ¼º°ø], Count=1
2016-04-13 12:48:13 [DEBUG] [go_francosmith-01201604131248120911fe9c5f2ab6a7bfd15147f74dc376918f76d9] Response (LGD_HASHDATA, 0) = 4c7ed19ad98cb80a0b20f543daf91344
2016-04-13 12:48:13 [DEBUG] [go_francosmith-01201604131248120911fe9c5f2ab6a7bfd15147f74dc376918f76d9] Response (LGD_CASHRECEIPTNUM, 0) = G30301294
2016-04-13 12:48:13 [DEBUG] [go_francosmith-01201604131248120911fe9c5f2ab6a7bfd15147f74dc376918f76d9] Response (LGD_TID, 0) = go_fr2016041312481314975
2016-04-13 12:48:13 [DEBUG] [go_francosmith-01201604131248120911fe9c5f2ab6a7bfd15147f74dc376918f76d9] Response (LGD_RESPCODE, 0) = 0000
2016-04-13 12:48:13 [DEBUG] [go_francosmith-01201604131248120911fe9c5f2ab6a7bfd15147f74dc376918f76d9] Response (LGD_TIMESTAMP, 0) = 20160413124813
2016-04-13 12:48:13 [DEBUG] [go_francosmith-01201604131248120911fe9c5f2ab6a7bfd15147f74dc376918f76d9] Response (LGD_RESPMSG, 0) = ¹ß±Þ¼º°ø
2016-04-13 12:48:13 [DEBUG] [go_francosmith-01201604131248120911fe9c5f2ab6a7bfd15147f74dc376918f76d9] Response (LGD_OID, 0) = 1460519192641
2016-04-13 12:48:13 [DEBUG] [go_francosmith-01201604131248120911fe9c5f2ab6a7bfd15147f74dc376918f76d9] Response (LGD_RESPDATE, 0) = 20160413124813
2016-04-13 22:30:34 [INFO ] [] XPayClient initialize [/www/francotr3287_godo_co_kr/shop/conf/lgdacom] [service]
2016-04-13 22:30:34 [DEBUG] [] Config [server_id] = [01]
2016-04-13 22:30:34 [DEBUG] [] Config [timeout] = [60]
2016-04-13 22:30:34 [DEBUG] [] Config [log_level] = [4]
2016-04-13 22:30:34 [DEBUG] [] Config [verify_cert] = [1]
2016-04-13 22:30:34 [DEBUG] [] Config [verify_host] = [1]
2016-04-13 22:30:34 [DEBUG] [] Config [report_error] = [1]
2016-04-13 22:30:34 [DEBUG] [] Config [output_utf8] = [0]
2016-04-13 22:30:34 [DEBUG] [] Config [auto_rollback] = [1]
2016-04-13 22:30:34 [DEBUG] [] Config [log_dir] = [/log/lgdacom]
2016-04-13 22:30:34 [DEBUG] [] Config [go_francosmith] = [fdfb4a2f34d255d2537461c422912f49]
2016-04-13 22:30:34 [DEBUG] [] Config [tgo_francosmith] = [fdfb4a2f34d255d2537461c422912f49]
2016-04-13 22:30:34 [DEBUG] [] Config [url] = [https://xpayclient.lgdacom.net/xpay/Gateway.do]
2016-04-13 22:30:34 [DEBUG] [] Config [test_url] = [https://xpayclient.lgdacom.net:7443/xpay/Gateway.do]
2016-04-13 22:30:34 [DEBUG] [] Config [aux_url] = [http://xpay.lgdacom.net:7080/xpay/Gateway.do]
2016-04-13 22:30:34 [DEBUG] [go_francosmith-01201604132230345d3e880e117edbe8587e5b55e5020f550fd670c4] Post [LGD_TXID] = [go_francosmith-01201604132230345d3e880e117edbe8587e5b55e5020f550fd670c4]
2016-04-13 22:30:34 [DEBUG] [go_francosmith-01201604132230345d3e880e117edbe8587e5b55e5020f550fd670c4] Post [LGD_AUTHCODE] = [8c6faac4c20338dc0f73417b7d6ab80e310299d8]
2016-04-13 22:30:34 [DEBUG] [go_francosmith-01201604132230345d3e880e117edbe8587e5b55e5020f550fd670c4] Post [LGD_MID] = [go_francosmith]
2016-04-13 22:30:34 [DEBUG] [go_francosmith-01201604132230345d3e880e117edbe8587e5b55e5020f550fd670c4] Post [LGD_TXNAME] = [CashReceipt]
2016-04-13 22:30:34 [DEBUG] [go_francosmith-01201604132230345d3e880e117edbe8587e5b55e5020f550fd670c4] Post [LGD_METHOD] = [AUTH]
2016-04-13 22:30:34 [DEBUG] [go_francosmith-01201604132230345d3e880e117edbe8587e5b55e5020f550fd670c4] Post [LGD_PAYTYPE] = [SC0100]
2016-04-13 22:30:34 [DEBUG] [go_francosmith-01201604132230345d3e880e117edbe8587e5b55e5020f550fd670c4] Post [LGD_OID] = [1460333662275]
2016-04-13 22:30:34 [DEBUG] [go_francosmith-01201604132230345d3e880e117edbe8587e5b55e5020f550fd670c4] Post [LGD_AMOUNT] = [70500]
2016-04-13 22:30:34 [DEBUG] [go_francosmith-01201604132230345d3e880e117edbe8587e5b55e5020f550fd670c4] Post [LGD_CASHCARDNUM] = [01055293338]
2016-04-13 22:30:34 [DEBUG] [go_francosmith-01201604132230345d3e880e117edbe8587e5b55e5020f550fd670c4] Post [LGD_CUSTOM_MERTNAME] = [Francosmith(ÇÁ¶ûÄÚ½º¹Ì½º)]
2016-04-13 22:30:34 [DEBUG] [go_francosmith-01201604132230345d3e880e117edbe8587e5b55e5020f550fd670c4] Post [LGD_CUSTOM_CEONAME] = [±è¼ºÈ¯]
2016-04-13 22:30:34 [DEBUG] [go_francosmith-01201604132230345d3e880e117edbe8587e5b55e5020f550fd670c4] Post [LGD_CUSTOM_BUSINESSNUM] = [1283960117]
2016-04-13 22:30:34 [DEBUG] [go_francosmith-01201604132230345d3e880e117edbe8587e5b55e5020f550fd670c4] Post [LGD_CUSTOM_MERTPHONE] = [1599-7835]
2016-04-13 22:30:34 [DEBUG] [go_francosmith-01201604132230345d3e880e117edbe8587e5b55e5020f550fd670c4] Post [LGD_CASHRECEIPTUSE] = [1]
2016-04-13 22:30:34 [DEBUG] [go_francosmith-01201604132230345d3e880e117edbe8587e5b55e5020f550fd670c4] Post [LGD_SEQNO] = [001]
2016-04-13 22:30:34 [DEBUG] [go_francosmith-01201604132230345d3e880e117edbe8587e5b55e5020f550fd670c4] Post [LGD_TAXFREEAMOUNT] = [0]
2016-04-13 22:30:34 [DEBUG] [go_francosmith-01201604132230345d3e880e117edbe8587e5b55e5020f550fd670c4] Post [LGD_PRODUCTINFO] = [[DMT]8ÀÎÄ¡ ¾ç¸é ´ÙÀÌ¾Æ¸óµå ¼ý..]
2016-04-13 22:30:34 [DEBUG] [go_francosmith-01201604132230345d3e880e117edbe8587e5b55e5020f550fd670c4] post_string = LGD_TXID=go_francosmith-01201604132230345d3e880e117edbe8587e5b55e5020f550fd670c4&LGD_AUTHCODE=8c6faac4c20338dc0f73417b7d6ab80e310299d8&LGD_MID=go_francosmith&LGD_TXNAME=CashReceipt&LGD_METHOD=AUTH&LGD_PAYTYPE=SC0100&LGD_OID=1460333662275&LGD_AMOUNT=70500&LGD_CASHCARDNUM=01055293338&LGD_CUSTOM_MERTNAME=Francosmith%28%C7%C1%B6%FB%C4%DA%BD%BA%B9%CC%BD%BA%29&LGD_CUSTOM_CEONAME=%B1%E8%BC%BA%C8%AF&LGD_CUSTOM_BUSINESSNUM=1283960117&LGD_CUSTOM_MERTPHONE=1599-7835&LGD_CASHRECEIPTUSE=1&LGD_SEQNO=001&LGD_TAXFREEAMOUNT=0&LGD_PRODUCTINFO=%5BDMT%5D8%C0%CE%C4%A1+%BE%E7%B8%E9+%B4%D9%C0%CC%BE%C6%B8%F3%B5%E5+%BC%FD..
2016-04-13 22:30:34 [DEBUG] [go_francosmith-01201604132230345d3e880e117edbe8587e5b55e5020f550fd670c4] Result = [









{"LGD_RESPCODE":"0000","LGD_RESPMSG":"ë°œê¸‰ì„±ê³µ","LGD_RESPONSE":[{"LGD_HASHDATA":"7f808e3dd2046c40871674b732d81a9e","LGD_CASHRECEIPTNUM":"G30369574","LGD_TID":"go_fr2016041322303424115","LGD_RESPCODE":"0000","LGD_TIMESTAMP":"20160413223035","LGD_RESPMSG":"ë°œê¸‰ì„±ê³µ","LGD_OID":"1460333662275","LGD_RESPDATE":"20160413223034"}]}
]
2016-04-13 22:30:34 [INFO ] [go_francosmith-01201604132230345d3e880e117edbe8587e5b55e5020f550fd670c4] Response Code=[0000], Msg=[¹ß±Þ¼º°ø], Count=1
2016-04-13 22:30:34 [DEBUG] [go_francosmith-01201604132230345d3e880e117edbe8587e5b55e5020f550fd670c4] Response (LGD_HASHDATA, 0) = 7f808e3dd2046c40871674b732d81a9e
2016-04-13 22:30:34 [DEBUG] [go_francosmith-01201604132230345d3e880e117edbe8587e5b55e5020f550fd670c4] Response (LGD_CASHRECEIPTNUM, 0) = G30369574
2016-04-13 22:30:34 [DEBUG] [go_francosmith-01201604132230345d3e880e117edbe8587e5b55e5020f550fd670c4] Response (LGD_TID, 0) = go_fr2016041322303424115
2016-04-13 22:30:34 [DEBUG] [go_francosmith-01201604132230345d3e880e117edbe8587e5b55e5020f550fd670c4] Response (LGD_RESPCODE, 0) = 0000
2016-04-13 22:30:34 [DEBUG] [go_francosmith-01201604132230345d3e880e117edbe8587e5b55e5020f550fd670c4] Response (LGD_TIMESTAMP, 0) = 20160413223035
2016-04-13 22:30:34 [DEBUG] [go_francosmith-01201604132230345d3e880e117edbe8587e5b55e5020f550fd670c4] Response (LGD_RESPMSG, 0) = ¹ß±Þ¼º°ø
2016-04-13 22:30:34 [DEBUG] [go_francosmith-01201604132230345d3e880e117edbe8587e5b55e5020f550fd670c4] Response (LGD_OID, 0) = 1460333662275
2016-04-13 22:30:34 [DEBUG] [go_francosmith-01201604132230345d3e880e117edbe8587e5b55e5020f550fd670c4] Response (LGD_RESPDATE, 0) = 20160413223034
