2015-11-26 22:41:05 [INFO ] [] XPayClient initialize [/www/francotr3287_godo_co_kr/shop/conf/lgdacom] [service]
2015-11-26 22:41:05 [DEBUG] [] Config [server_id] = [01]
2015-11-26 22:41:05 [DEBUG] [] Config [timeout] = [60]
2015-11-26 22:41:05 [DEBUG] [] Config [log_level] = [4]
2015-11-26 22:41:05 [DEBUG] [] Config [verify_cert] = [1]
2015-11-26 22:41:05 [DEBUG] [] Config [verify_host] = [1]
2015-11-26 22:41:05 [DEBUG] [] Config [report_error] = [1]
2015-11-26 22:41:05 [DEBUG] [] Config [output_utf8] = [0]
2015-11-26 22:41:05 [DEBUG] [] Config [auto_rollback] = [1]
2015-11-26 22:41:05 [DEBUG] [] Config [log_dir] = [/log/lgdacom]
2015-11-26 22:41:05 [DEBUG] [] Config [go_francosmith] = [fdfb4a2f34d255d2537461c422912f49]
2015-11-26 22:41:05 [DEBUG] [] Config [tgo_francosmith] = [fdfb4a2f34d255d2537461c422912f49]
2015-11-26 22:41:05 [DEBUG] [] Config [url] = [https://xpayclient.lgdacom.net/xpay/Gateway.do]
2015-11-26 22:41:05 [DEBUG] [] Config [test_url] = [https://xpayclient.lgdacom.net:7443/xpay/Gateway.do]
2015-11-26 22:41:05 [DEBUG] [] Config [aux_url] = [http://xpay.lgdacom.net:7080/xpay/Gateway.do]
2015-11-26 22:41:30 [INFO ] [] XPayClient initialize [/www/francotr3287_godo_co_kr/shop/conf/lgdacom] [service]
2015-11-26 22:41:30 [DEBUG] [] Config [server_id] = [01]
2015-11-26 22:41:30 [DEBUG] [] Config [timeout] = [60]
2015-11-26 22:41:30 [DEBUG] [] Config [log_level] = [4]
2015-11-26 22:41:30 [DEBUG] [] Config [verify_cert] = [1]
2015-11-26 22:41:30 [DEBUG] [] Config [verify_host] = [1]
2015-11-26 22:41:30 [DEBUG] [] Config [report_error] = [1]
2015-11-26 22:41:30 [DEBUG] [] Config [output_utf8] = [0]
2015-11-26 22:41:30 [DEBUG] [] Config [auto_rollback] = [1]
2015-11-26 22:41:30 [DEBUG] [] Config [log_dir] = [/log/lgdacom]
2015-11-26 22:41:30 [DEBUG] [] Config [go_francosmith] = [fdfb4a2f34d255d2537461c422912f49]
2015-11-26 22:41:30 [DEBUG] [] Config [tgo_francosmith] = [fdfb4a2f34d255d2537461c422912f49]
2015-11-26 22:41:30 [DEBUG] [] Config [url] = [https://xpayclient.lgdacom.net/xpay/Gateway.do]
2015-11-26 22:41:30 [DEBUG] [] Config [test_url] = [https://xpayclient.lgdacom.net:7443/xpay/Gateway.do]
2015-11-26 22:41:30 [DEBUG] [] Config [aux_url] = [http://xpay.lgdacom.net:7080/xpay/Gateway.do]
