2016-03-09 16:10:41 [INFO ] [] XPayClient initialize [/www/francotr3287_godo_co_kr/shop/conf/lgdacom] [service]
2016-03-09 16:10:41 [DEBUG] [] Config [server_id] = [01]
2016-03-09 16:10:41 [DEBUG] [] Config [timeout] = [60]
2016-03-09 16:10:41 [DEBUG] [] Config [log_level] = [4]
2016-03-09 16:10:41 [DEBUG] [] Config [verify_cert] = [1]
2016-03-09 16:10:41 [DEBUG] [] Config [verify_host] = [1]
2016-03-09 16:10:41 [DEBUG] [] Config [report_error] = [1]
2016-03-09 16:10:41 [DEBUG] [] Config [output_utf8] = [0]
2016-03-09 16:10:41 [DEBUG] [] Config [auto_rollback] = [1]
2016-03-09 16:10:41 [DEBUG] [] Config [log_dir] = [/log/lgdacom]
2016-03-09 16:10:41 [DEBUG] [] Config [go_francosmith] = [fdfb4a2f34d255d2537461c422912f49]
2016-03-09 16:10:41 [DEBUG] [] Config [tgo_francosmith] = [fdfb4a2f34d255d2537461c422912f49]
2016-03-09 16:10:41 [DEBUG] [] Config [url] = [https://xpayclient.lgdacom.net/xpay/Gateway.do]
2016-03-09 16:10:41 [DEBUG] [] Config [test_url] = [https://xpayclient.lgdacom.net:7443/xpay/Gateway.do]
2016-03-09 16:10:41 [DEBUG] [] Config [aux_url] = [http://xpay.lgdacom.net:7080/xpay/Gateway.do]
2016-03-09 16:10:54 [INFO ] [] XPayClient initialize [/www/francotr3287_godo_co_kr/shop/conf/lgdacom] [service]
2016-03-09 16:10:54 [DEBUG] [] Config [server_id] = [01]
2016-03-09 16:10:54 [DEBUG] [] Config [timeout] = [60]
2016-03-09 16:10:54 [DEBUG] [] Config [log_level] = [4]
2016-03-09 16:10:54 [DEBUG] [] Config [verify_cert] = [1]
2016-03-09 16:10:54 [DEBUG] [] Config [verify_host] = [1]
2016-03-09 16:10:54 [DEBUG] [] Config [report_error] = [1]
2016-03-09 16:10:54 [DEBUG] [] Config [output_utf8] = [0]
2016-03-09 16:10:54 [DEBUG] [] Config [auto_rollback] = [1]
2016-03-09 16:10:54 [DEBUG] [] Config [log_dir] = [/log/lgdacom]
2016-03-09 16:10:54 [DEBUG] [] Config [go_francosmith] = [fdfb4a2f34d255d2537461c422912f49]
2016-03-09 16:10:54 [DEBUG] [] Config [tgo_francosmith] = [fdfb4a2f34d255d2537461c422912f49]
2016-03-09 16:10:54 [DEBUG] [] Config [url] = [https://xpayclient.lgdacom.net/xpay/Gateway.do]
2016-03-09 16:10:54 [DEBUG] [] Config [test_url] = [https://xpayclient.lgdacom.net:7443/xpay/Gateway.do]
2016-03-09 16:10:54 [DEBUG] [] Config [aux_url] = [http://xpay.lgdacom.net:7080/xpay/Gateway.do]
2016-03-09 16:20:49 [INFO ] [] XPayClient initialize [/www/francotr3287_godo_co_kr/shop/conf/lgdacom] [service]
2016-03-09 16:20:49 [DEBUG] [] Config [server_id] = [01]
2016-03-09 16:20:49 [DEBUG] [] Config [timeout] = [60]
2016-03-09 16:20:49 [DEBUG] [] Config [log_level] = [4]
2016-03-09 16:20:49 [DEBUG] [] Config [verify_cert] = [1]
2016-03-09 16:20:49 [DEBUG] [] Config [verify_host] = [1]
2016-03-09 16:20:49 [DEBUG] [] Config [report_error] = [1]
2016-03-09 16:20:49 [DEBUG] [] Config [output_utf8] = [0]
2016-03-09 16:20:49 [DEBUG] [] Config [auto_rollback] = [1]
2016-03-09 16:20:49 [DEBUG] [] Config [log_dir] = [/log/lgdacom]
2016-03-09 16:20:49 [DEBUG] [] Config [go_francosmith] = [fdfb4a2f34d255d2537461c422912f49]
2016-03-09 16:20:49 [DEBUG] [] Config [tgo_francosmith] = [fdfb4a2f34d255d2537461c422912f49]
2016-03-09 16:20:49 [DEBUG] [] Config [url] = [https://xpayclient.lgdacom.net/xpay/Gateway.do]
2016-03-09 16:20:49 [DEBUG] [] Config [test_url] = [https://xpayclient.lgdacom.net:7443/xpay/Gateway.do]
2016-03-09 16:20:49 [DEBUG] [] Config [aux_url] = [http://xpay.lgdacom.net:7080/xpay/Gateway.do]
2016-03-09 16:22:26 [INFO ] [] XPayClient initialize [/www/francotr3287_godo_co_kr/shop/conf/lgdacom] [service]
2016-03-09 16:22:26 [DEBUG] [] Config [server_id] = [01]
2016-03-09 16:22:26 [DEBUG] [] Config [timeout] = [60]
2016-03-09 16:22:26 [DEBUG] [] Config [log_level] = [4]
2016-03-09 16:22:26 [DEBUG] [] Config [verify_cert] = [1]
2016-03-09 16:22:26 [DEBUG] [] Config [verify_host] = [1]
2016-03-09 16:22:26 [DEBUG] [] Config [report_error] = [1]
2016-03-09 16:22:26 [DEBUG] [] Config [output_utf8] = [0]
2016-03-09 16:22:26 [DEBUG] [] Config [auto_rollback] = [1]
2016-03-09 16:22:26 [DEBUG] [] Config [log_dir] = [/log/lgdacom]
2016-03-09 16:22:26 [DEBUG] [] Config [go_francosmith] = [fdfb4a2f34d255d2537461c422912f49]
2016-03-09 16:22:26 [DEBUG] [] Config [tgo_francosmith] = [fdfb4a2f34d255d2537461c422912f49]
2016-03-09 16:22:26 [DEBUG] [] Config [url] = [https://xpayclient.lgdacom.net/xpay/Gateway.do]
2016-03-09 16:22:26 [DEBUG] [] Config [test_url] = [https://xpayclient.lgdacom.net:7443/xpay/Gateway.do]
2016-03-09 16:22:26 [DEBUG] [] Config [aux_url] = [http://xpay.lgdacom.net:7080/xpay/Gateway.do]
