2016-04-25 08:52:28 [INFO ] [] XPayClient initialize [/www/francotr3287_godo_co_kr/shop/conf/lgdacom] [service]
2016-04-25 08:52:28 [DEBUG] [] Config [server_id] = [01]
2016-04-25 08:52:28 [DEBUG] [] Config [timeout] = [60]
2016-04-25 08:52:28 [DEBUG] [] Config [log_level] = [4]
2016-04-25 08:52:28 [DEBUG] [] Config [verify_cert] = [1]
2016-04-25 08:52:28 [DEBUG] [] Config [verify_host] = [1]
2016-04-25 08:52:28 [DEBUG] [] Config [report_error] = [1]
2016-04-25 08:52:28 [DEBUG] [] Config [output_utf8] = [0]
2016-04-25 08:52:28 [DEBUG] [] Config [auto_rollback] = [1]
2016-04-25 08:52:28 [DEBUG] [] Config [log_dir] = [/log/lgdacom]
2016-04-25 08:52:28 [DEBUG] [] Config [go_francosmith] = [fdfb4a2f34d255d2537461c422912f49]
2016-04-25 08:52:28 [DEBUG] [] Config [tgo_francosmith] = [fdfb4a2f34d255d2537461c422912f49]
2016-04-25 08:52:28 [DEBUG] [] Config [url] = [https://xpayclient.lgdacom.net/xpay/Gateway.do]
2016-04-25 08:52:28 [DEBUG] [] Config [test_url] = [https://xpayclient.lgdacom.net:7443/xpay/Gateway.do]
2016-04-25 08:52:28 [DEBUG] [] Config [aux_url] = [http://xpay.lgdacom.net:7080/xpay/Gateway.do]
2016-04-25 08:52:28 [DEBUG] [go_francosmith-0120160425085228dec09df283eee88c992b68a0be252af90a192af5] Post [LGD_TXID] = [go_francosmith-0120160425085228dec09df283eee88c992b68a0be252af90a192af5]
2016-04-25 08:52:28 [DEBUG] [go_francosmith-0120160425085228dec09df283eee88c992b68a0be252af90a192af5] Post [LGD_AUTHCODE] = [dac027fd2423ff1decabc38f72e5ab10b4653c2f]
2016-04-25 08:52:28 [DEBUG] [go_francosmith-0120160425085228dec09df283eee88c992b68a0be252af90a192af5] Post [LGD_MID] = [go_francosmith]
2016-04-25 08:52:28 [DEBUG] [go_francosmith-0120160425085228dec09df283eee88c992b68a0be252af90a192af5] Post [LGD_TXNAME] = [CashReceipt]
2016-04-25 08:52:28 [DEBUG] [go_francosmith-0120160425085228dec09df283eee88c992b68a0be252af90a192af5] Post [LGD_METHOD] = [AUTH]
2016-04-25 08:52:28 [DEBUG] [go_francosmith-0120160425085228dec09df283eee88c992b68a0be252af90a192af5] Post [LGD_PAYTYPE] = [SC0100]
2016-04-25 08:52:28 [DEBUG] [go_francosmith-0120160425085228dec09df283eee88c992b68a0be252af90a192af5] Post [LGD_OID] = [1461541516477]
2016-04-25 08:52:28 [DEBUG] [go_francosmith-0120160425085228dec09df283eee88c992b68a0be252af90a192af5] Post [LGD_AMOUNT] = [6110000]
2016-04-25 08:52:28 [DEBUG] [go_francosmith-0120160425085228dec09df283eee88c992b68a0be252af90a192af5] Post [LGD_CASHCARDNUM] = [01030057754]
2016-04-25 08:52:28 [DEBUG] [go_francosmith-0120160425085228dec09df283eee88c992b68a0be252af90a192af5] Post [LGD_CUSTOM_MERTNAME] = [Francosmith(ÇÁ¶ûÄÚ½º¹Ì½º)]
2016-04-25 08:52:28 [DEBUG] [go_francosmith-0120160425085228dec09df283eee88c992b68a0be252af90a192af5] Post [LGD_CUSTOM_CEONAME] = [±è¼ºÈ¯]
2016-04-25 08:52:28 [DEBUG] [go_francosmith-0120160425085228dec09df283eee88c992b68a0be252af90a192af5] Post [LGD_CUSTOM_BUSINESSNUM] = [1283960117]
2016-04-25 08:52:28 [DEBUG] [go_francosmith-0120160425085228dec09df283eee88c992b68a0be252af90a192af5] Post [LGD_CUSTOM_MERTPHONE] = [1599-7835]
2016-04-25 08:52:28 [DEBUG] [go_francosmith-0120160425085228dec09df283eee88c992b68a0be252af90a192af5] Post [LGD_CASHRECEIPTUSE] = [1]
2016-04-25 08:52:28 [DEBUG] [go_francosmith-0120160425085228dec09df283eee88c992b68a0be252af90a192af5] Post [LGD_SEQNO] = [001]
2016-04-25 08:52:28 [DEBUG] [go_francosmith-0120160425085228dec09df283eee88c992b68a0be252af90a192af5] Post [LGD_TAXFREEAMOUNT] = [0]
2016-04-25 08:52:28 [DEBUG] [go_francosmith-0120160425085228dec09df283eee88c992b68a0be252af90a192af5] Post [LGD_PRODUCTINFO] = [Vicmarc VL240 ASM EVS]
2016-04-25 08:52:28 [DEBUG] [go_francosmith-0120160425085228dec09df283eee88c992b68a0be252af90a192af5] post_string = LGD_TXID=go_francosmith-0120160425085228dec09df283eee88c992b68a0be252af90a192af5&LGD_AUTHCODE=dac027fd2423ff1decabc38f72e5ab10b4653c2f&LGD_MID=go_francosmith&LGD_TXNAME=CashReceipt&LGD_METHOD=AUTH&LGD_PAYTYPE=SC0100&LGD_OID=1461541516477&LGD_AMOUNT=6110000&LGD_CASHCARDNUM=01030057754&LGD_CUSTOM_MERTNAME=Francosmith%28%C7%C1%B6%FB%C4%DA%BD%BA%B9%CC%BD%BA%29&LGD_CUSTOM_CEONAME=%B1%E8%BC%BA%C8%AF&LGD_CUSTOM_BUSINESSNUM=1283960117&LGD_CUSTOM_MERTPHONE=1599-7835&LGD_CASHRECEIPTUSE=1&LGD_SEQNO=001&LGD_TAXFREEAMOUNT=0&LGD_PRODUCTINFO=Vicmarc+VL240+ASM+EVS
2016-04-25 08:52:28 [DEBUG] [go_francosmith-0120160425085228dec09df283eee88c992b68a0be252af90a192af5] Result = [









{"LGD_RESPCODE":"0000","LGD_RESPMSG":"ë°œê¸‰ì„±ê³µ","LGD_RESPONSE":[{"LGD_HASHDATA":"4e463253c48b03ce02bbc98b6c829ae7","LGD_CASHRECEIPTNUM":"G30820775","LGD_TID":"go_fr2016042508522879730","LGD_RESPCODE":"0000","LGD_TIMESTAMP":"20160425085229","LGD_RESPMSG":"ë°œê¸‰ì„±ê³µ","LGD_OID":"1461541516477","LGD_RESPDATE":"20160425085228"}]}
]
2016-04-25 08:52:28 [INFO ] [go_francosmith-0120160425085228dec09df283eee88c992b68a0be252af90a192af5] Response Code=[0000], Msg=[¹ß±Þ¼º°ø], Count=1
2016-04-25 08:52:28 [DEBUG] [go_francosmith-0120160425085228dec09df283eee88c992b68a0be252af90a192af5] Response (LGD_HASHDATA, 0) = 4e463253c48b03ce02bbc98b6c829ae7
2016-04-25 08:52:28 [DEBUG] [go_francosmith-0120160425085228dec09df283eee88c992b68a0be252af90a192af5] Response (LGD_CASHRECEIPTNUM, 0) = G30820775
2016-04-25 08:52:28 [DEBUG] [go_francosmith-0120160425085228dec09df283eee88c992b68a0be252af90a192af5] Response (LGD_TID, 0) = go_fr2016042508522879730
2016-04-25 08:52:28 [DEBUG] [go_francosmith-0120160425085228dec09df283eee88c992b68a0be252af90a192af5] Response (LGD_RESPCODE, 0) = 0000
2016-04-25 08:52:28 [DEBUG] [go_francosmith-0120160425085228dec09df283eee88c992b68a0be252af90a192af5] Response (LGD_TIMESTAMP, 0) = 20160425085229
2016-04-25 08:52:28 [DEBUG] [go_francosmith-0120160425085228dec09df283eee88c992b68a0be252af90a192af5] Response (LGD_RESPMSG, 0) = ¹ß±Þ¼º°ø
2016-04-25 08:52:28 [DEBUG] [go_francosmith-0120160425085228dec09df283eee88c992b68a0be252af90a192af5] Response (LGD_OID, 0) = 1461541516477
2016-04-25 08:52:28 [DEBUG] [go_francosmith-0120160425085228dec09df283eee88c992b68a0be252af90a192af5] Response (LGD_RESPDATE, 0) = 20160425085228
